This is pdfTeX, Version 3.14159265-2.6-1.40.21 (TeX Live 2020 Gentoo Linux) (preloaded format=pdflatex 2020.12.9)  9 DEC 2020 19:51
entering extended mode
 restricted \write18 enabled.
 %&-line parsing enabled.
**refman
(./refman.tex
LaTeX2e <2020-02-02> patch level 5
L3 programming layer <2020-02-25>
(/usr/share/texmf-dist/tex/latex/base/book.cls
Document Class: book 2019/12/20 v1.4l Standard LaTeX document class
(/usr/share/texmf-dist/tex/latex/base/bk10.clo
File: bk10.clo 2019/12/20 v1.4l Standard LaTeX file (size option)
)
\c@part=\count167
\c@chapter=\count168
\c@section=\count169
\c@subsection=\count170
\c@subsubsection=\count171
\c@paragraph=\count172
\c@subparagraph=\count173
\c@figure=\count174
\c@table=\count175
\abovecaptionskip=\skip47
\belowcaptionskip=\skip48
\bibindent=\dimen134
)
(/usr/share/texmf-dist/tex/latex/base/fixltx2e.sty
Package: fixltx2e 2016/12/29 v2.1a fixes to LaTeX (obsolete)
Applying: [2015/01/01] Old fixltx2e package on input line 46.


Package fixltx2e Warning: fixltx2e is not required with releases after 2015
(fixltx2e)                All fixes are now in the LaTeX kernel.
(fixltx2e)                See the latexrelease package for details.

Already applied: [0000/00/00] Old fixltx2e package on input line 53.
) (/usr/share/texmf-dist/tex/latex/tools/calc.sty
Package: calc 2017/05/25 v4.3 Infix arithmetic (KKT,FJ)
\calc@Acount=\count176
\calc@Bcount=\count177
\calc@Adimen=\dimen135
\calc@Bdimen=\dimen136
\calc@Askip=\skip49
\calc@Bskip=\skip50
LaTeX Info: Redefining \setlength on input line 80.
LaTeX Info: Redefining \addtolength on input line 81.
\calc@Ccount=\count178
\calc@Cskip=\skip51
) (./doxygen.sty
Package: doxygen 

(/usr/share/texmf-dist/tex/latex/base/alltt.sty
Package: alltt 1997/06/16 v2.0g defines alltt environment
)
(/usr/share/texmf-dist/tex/latex/tools/array.sty
Package: array 2019/08/31 v2.4l Tabular extension package (FMi)
\col@sep=\dimen137
\ar@mcellbox=\box45
\extrarowheight=\dimen138
\NC@list=\toks15
\extratabsurround=\skip52
\backup@length=\skip53
\ar@cellbox=\box46
)
(/usr/share/texmf-dist/tex/latex/float/float.sty
Package: float 2001/11/08 v1.3d Float enhancements (AL)
\c@float@type=\count179
\float@exts=\toks16
\float@box=\box47
\@float@everytoks=\toks17
\@floatcapt=\box48
)
(/usr/share/texmf-dist/tex/latex/base/ifthen.sty
Package: ifthen 2014/09/29 v1.1c Standard LaTeX ifthen package (DPC)
)
(/usr/share/texmf-dist/tex/latex/tools/verbatim.sty
Package: verbatim 2019/11/10 v1.5r LaTeX2e package for verbatim enhancements
\every@verbatim=\toks18
\verbatim@line=\toks19
\verbatim@in@stream=\read2
)
(/usr/share/texmf-dist/tex/latex/xcolor/xcolor.sty
Package: xcolor 2016/05/11 v2.12 LaTeX color extensions (UK)

(/usr/share/texmf-dist/tex/latex/graphics-cfg/color.cfg
File: color.cfg 2016/01/02 v1.6 sample color configuration
)
Package xcolor Info: Driver file: pdftex.def on input line 225.

(/usr/share/texmf-dist/tex/latex/graphics-def/pdftex.def
File: pdftex.def 2018/01/08 v1.0l Graphics/color driver for pdftex
)
(/usr/share/texmf-dist/tex/latex/colortbl/colortbl.sty
Package: colortbl 2020/01/04 v1.0e Color table columns (DPC)
\everycr=\toks20
\minrowclearance=\skip54
)
\rownum=\count180
Package xcolor Info: Model `cmy' substituted by `cmy0' on input line 1348.
Package xcolor Info: Model `hsb' substituted by `rgb' on input line 1352.
Package xcolor Info: Model `RGB' extended on input line 1364.
Package xcolor Info: Model `HTML' substituted by `rgb' on input line 1366.
Package xcolor Info: Model `Hsb' substituted by `hsb' on input line 1367.
Package xcolor Info: Model `tHsb' substituted by `hsb' on input line 1368.
Package xcolor Info: Model `HSB' substituted by `hsb' on input line 1369.
Package xcolor Info: Model `Gray' substituted by `gray' on input line 1370.
Package xcolor Info: Model `wave' substituted by `hsb' on input line 1371.
)
(/usr/share/texmf-dist/tex/latex/tools/longtable.sty
Package: longtable 2020/01/07 v4.13 Multi-page Table package (DPC)
\LTleft=\skip55
\LTright=\skip56
\LTpre=\skip57
\LTpost=\skip58
\LTchunksize=\count181
\LTcapwidth=\dimen139
\LT@head=\box49
\LT@firsthead=\box50
\LT@foot=\box51
\LT@lastfoot=\box52
\LT@cols=\count182
\LT@rows=\count183
\c@LT@tables=\count184
\c@LT@chunks=\count185
\LT@p@ftn=\toks21
)

! LaTeX Error: File `tabu.sty' not found.

Type X to quit or <RETURN> to proceed,
or enter new name. (Default extension: sty)

Enter file name: 
(/usr/share/texmf-dist/tex/latex/fancyvrb/fancyvrb.sty
Package: fancyvrb 2020/01/13 v3.5 verbatim text (tvz,hv)

(/usr/share/texmf-dist/tex/latex/graphics/keyval.sty
Package: keyval 2014/10/28 v1.15 key=value parser (DPC)
\KV@toks@=\toks22
)
\FV@CodeLineNo=\count186
\FV@InFile=\read3
\FV@TabBox=\box53
\c@FancyVerbLine=\count187
\FV@StepNumber=\count188
\FV@OutFile=\write3
)
(/usr/share/texmf-dist/tex/latex/tools/tabularx.sty
Package: tabularx 2020/01/15 v2.11c `tabularx' package (DPC)
\TX@col@width=\dimen140
\TX@old@table=\dimen141
\TX@old@col=\dimen142
\TX@target=\dimen143
\TX@delta=\dimen144
\TX@cols=\count189
\TX@ftn=\toks23
)

! LaTeX Error: File `multirow.sty' not found.

Type X to quit or <RETURN> to proceed,
or enter new name. (Default extension: sty)

Enter file name: 

! LaTeX Error: File `hanging.sty' not found.

Type X to quit or <RETURN> to proceed,
or enter new name. (Default extension: sty)

Enter file name: 
(/usr/share/texmf-dist/tex/generic/iftex/ifpdf.sty
Package: ifpdf 2019/10/25 v3.4 ifpdf legacy package. Use iftex instead.

(/usr/share/texmf-dist/tex/generic/iftex/iftex.sty
Package: iftex 2019/11/07 v1.0c TeX engine tests
))

! LaTeX Error: File `adjustbox.sty' not found.

Type X to quit or <RETURN> to proceed,
or enter new name. (Default extension: sty)

Enter file name: 
(/usr/share/texmf-dist/tex/latex/amsfonts/amssymb.sty
Package: amssymb 2013/01/14 v3.01 AMS font symbols

(/usr/share/texmf-dist/tex/latex/amsfonts/amsfonts.sty
Package: amsfonts 2013/01/14 v3.01 Basic AMSFonts support
\@emptytoks=\toks24
\symAMSa=\mathgroup4
\symAMSb=\mathgroup5
LaTeX Font Info:    Redeclaring math symbol \hbar on input line 98.
LaTeX Font Info:    Overwriting math alphabet `\mathfrak' in version `bold'
(Font)                  U/euf/m/n --> U/euf/b/n on input line 106.
))

! LaTeX Error: File `stackengine.sty' not found.

Type X to quit or <RETURN> to proceed,
or enter new name. (Default extension: sty)

Enter file name: 
(/usr/share/texmf-dist/tex/generic/ulem/ulem.sty
\UL@box=\box54
\UL@hyphenbox=\box55
\UL@skip=\skip59
\UL@hook=\toks25
\UL@height=\dimen145
\UL@pe=\count190
\UL@pixel=\dimen146
\ULC@box=\box56
Package: ulem 2019/11/18
\ULdepth=\dimen147
)
\xrefbox=\box57
\xreflength=\skip60
\CodeWidthChar=\skip61
\CodeHeightChar=\skip62
\DoxyCodeWidth=\skip63
)
(/usr/share/texmf-dist/tex/latex/graphics/graphicx.sty
Package: graphicx 2019/11/30 v1.2a Enhanced LaTeX Graphics (DPC,SPQR)

(/usr/share/texmf-dist/tex/latex/graphics/graphics.sty
Package: graphics 2019/11/30 v1.4a Standard LaTeX Graphics (DPC,SPQR)

(/usr/share/texmf-dist/tex/latex/graphics/trig.sty
Package: trig 2016/01/03 v1.10 sin cos tan (DPC)
)
(/usr/share/texmf-dist/tex/latex/graphics-cfg/graphics.cfg
File: graphics.cfg 2016/06/04 v1.11 sample graphics configuration
)
Package graphics Info: Driver file: pdftex.def on input line 105.
)
\Gin@req@height=\dimen148
\Gin@req@width=\dimen149
)
(/usr/share/texmf-dist/tex/latex/base/inputenc.sty
Package: inputenc 2018/08/11 v1.3c Input encoding file
\inpenc@prehook=\toks26
\inpenc@posthook=\toks27
)
(/usr/share/texmf-dist/tex/latex/base/makeidx.sty
Package: makeidx 2014/09/29 v1.0m Standard LaTeX package
)
(/usr/share/texmf-dist/tex/latex/tools/multicol.sty
Package: multicol 2019/12/09 v1.8y multicolumn formatting (FMi)
\c@tracingmulticols=\count191
\mult@box=\box58
\multicol@leftmargin=\dimen150
\c@unbalance=\count192
\c@collectmore=\count193
\doublecol@number=\count194
\multicoltolerance=\count195
\multicolpretolerance=\count196
\full@width=\dimen151
\page@free=\dimen152
\premulticols=\dimen153
\postmulticols=\dimen154
\multicolsep=\skip64
\multicolbaselineskip=\skip65
\partial@page=\box59
\last@line=\box60
\maxbalancingoverflow=\dimen155
\mult@rightbox=\box61
\mult@grightbox=\box62
\mult@gfirstbox=\box63
\mult@firstbox=\box64
\@tempa=\box65
\@tempa=\box66
\@tempa=\box67
\@tempa=\box68
\@tempa=\box69
\@tempa=\box70
\@tempa=\box71
\@tempa=\box72
\@tempa=\box73
\@tempa=\box74
\@tempa=\box75
\@tempa=\box76
\@tempa=\box77
\@tempa=\box78
\@tempa=\box79
\@tempa=\box80
\@tempa=\box81
\@tempa=\box82
\@tempa=\box83
\@tempa=\box84
\@tempa=\box85
\@tempa=\box86
\@tempa=\box87
\@tempa=\box88
\@tempa=\box89
\@tempa=\box90
\@tempa=\box91
\@tempa=\box92
\@tempa=\box93
\@tempa=\box94
\@tempa=\box95
\@tempa=\box96
\@tempa=\box97
\@tempa=\box98
\@tempa=\box99
\@tempa=\box100
\@tempa=\box101
\c@minrows=\count197
\c@columnbadness=\count198
\c@finalcolumnbadness=\count199
\last@try=\dimen156
\multicolovershoot=\dimen157
\multicolundershoot=\dimen158
\mult@nat@firstbox=\box102
\colbreak@box=\box103
\mc@col@check@num=\count266
)
(/usr/share/texmf-dist/tex/latex/base/textcomp.sty
Package: textcomp 2020/02/02 v2.0n Standard LaTeX package
)
(/usr/share/texmf-dist/tex/latex/wasysym/wasysym.sty
Package: wasysym 2020/01/19 v2.4 Wasy-2 symbol support package
\symwasy=\mathgroup6
LaTeX Font Info:    Overwriting symbol font `wasy' in version `bold'
(Font)                  U/wasy/m/n --> U/wasy/b/n on input line 93.
)
(/usr/share/texmf-dist/tex/generic/iftex/ifxetex.sty
Package: ifxetex 2019/10/25 v0.7 ifxetex legacy package. Use iftex instead.
)
(/usr/share/texmf-dist/tex/latex/base/fontenc.sty
Package: fontenc 2020/02/11 v2.0o Standard LaTeX package

(/usr/share/texmf-dist/tex/latex/cyrillic/t2aenc.def
File: t2aenc.def 2005/09/27 v1.0i Cyrillic encoding definition file
Now handling font encoding T2A ...
... processing UTF-8 mapping file for font encoding T2A

(/usr/share/texmf-dist/tex/latex/base/t2aenc.dfu
File: t2aenc.dfu 2019/11/14 v1.2k UTF-8 support for inputenc
   defining Unicode char U+00A4 (decimal 164)
   defining Unicode char U+00A7 (decimal 167)
   defining Unicode char U+00AB (decimal 171)
   defining Unicode char U+00BB (decimal 187)
   defining Unicode char U+0131 (decimal 305)
   defining Unicode char U+0237 (decimal 567)
   defining Unicode char U+0400 (decimal 1024)
   defining Unicode char U+0401 (decimal 1025)
   defining Unicode char U+0402 (decimal 1026)
   defining Unicode char U+0403 (decimal 1027)
   defining Unicode char U+0404 (decimal 1028)
   defining Unicode char U+0405 (decimal 1029)
   defining Unicode char U+0406 (decimal 1030)
   defining Unicode char U+0407 (decimal 1031)
   defining Unicode char U+0408 (decimal 1032)
   defining Unicode char U+0409 (decimal 1033)
   defining Unicode char U+040A (decimal 1034)
   defining Unicode char U+040B (decimal 1035)
   defining Unicode char U+040C (decimal 1036)
   defining Unicode char U+040D (decimal 1037)
   defining Unicode char U+040E (decimal 1038)
   defining Unicode char U+040F (decimal 1039)
   defining Unicode char U+0410 (decimal 1040)
   defining Unicode char U+0411 (decimal 1041)
   defining Unicode char U+0412 (decimal 1042)
   defining Unicode char U+0413 (decimal 1043)
   defining Unicode char U+0414 (decimal 1044)
   defining Unicode char U+0415 (decimal 1045)
   defining Unicode char U+0416 (decimal 1046)
   defining Unicode char U+0417 (decimal 1047)
   defining Unicode char U+0418 (decimal 1048)
   defining Unicode char U+0419 (decimal 1049)
   defining Unicode char U+041A (decimal 1050)
   defining Unicode char U+041B (decimal 1051)
   defining Unicode char U+041C (decimal 1052)
   defining Unicode char U+041D (decimal 1053)
   defining Unicode char U+041E (decimal 1054)
   defining Unicode char U+041F (decimal 1055)
   defining Unicode char U+0420 (decimal 1056)
   defining Unicode char U+0421 (decimal 1057)
   defining Unicode char U+0422 (decimal 1058)
   defining Unicode char U+0423 (decimal 1059)
   defining Unicode char U+0424 (decimal 1060)
   defining Unicode char U+0425 (decimal 1061)
   defining Unicode char U+0426 (decimal 1062)
   defining Unicode char U+0427 (decimal 1063)
   defining Unicode char U+0428 (decimal 1064)
   defining Unicode char U+0429 (decimal 1065)
   defining Unicode char U+042A (decimal 1066)
   defining Unicode char U+042B (decimal 1067)
   defining Unicode char U+042C (decimal 1068)
   defining Unicode char U+042D (decimal 1069)
   defining Unicode char U+042E (decimal 1070)
   defining Unicode char U+042F (decimal 1071)
   defining Unicode char U+0430 (decimal 1072)
   defining Unicode char U+0431 (decimal 1073)
   defining Unicode char U+0432 (decimal 1074)
   defining Unicode char U+0433 (decimal 1075)
   defining Unicode char U+0434 (decimal 1076)
   defining Unicode char U+0435 (decimal 1077)
   defining Unicode char U+0436 (decimal 1078)
   defining Unicode char U+0437 (decimal 1079)
   defining Unicode char U+0438 (decimal 1080)
   defining Unicode char U+0439 (decimal 1081)
   defining Unicode char U+043A (decimal 1082)
   defining Unicode char U+043B (decimal 1083)
   defining Unicode char U+043C (decimal 1084)
   defining Unicode char U+043D (decimal 1085)
   defining Unicode char U+043E (decimal 1086)
   defining Unicode char U+043F (decimal 1087)
   defining Unicode char U+0440 (decimal 1088)
   defining Unicode char U+0441 (decimal 1089)
   defining Unicode char U+0442 (decimal 1090)
   defining Unicode char U+0443 (decimal 1091)
   defining Unicode char U+0444 (decimal 1092)
   defining Unicode char U+0445 (decimal 1093)
   defining Unicode char U+0446 (decimal 1094)
   defining Unicode char U+0447 (decimal 1095)
   defining Unicode char U+0448 (decimal 1096)
   defining Unicode char U+0449 (decimal 1097)
   defining Unicode char U+044A (decimal 1098)
   defining Unicode char U+044B (decimal 1099)
   defining Unicode char U+044C (decimal 1100)
   defining Unicode char U+044D (decimal 1101)
   defining Unicode char U+044E (decimal 1102)
   defining Unicode char U+044F (decimal 1103)
   defining Unicode char U+0450 (decimal 1104)
   defining Unicode char U+0451 (decimal 1105)
   defining Unicode char U+0452 (decimal 1106)
   defining Unicode char U+0453 (decimal 1107)
   defining Unicode char U+0454 (decimal 1108)
   defining Unicode char U+0455 (decimal 1109)
   defining Unicode char U+0456 (decimal 1110)
   defining Unicode char U+0457 (decimal 1111)
   defining Unicode char U+0458 (decimal 1112)
   defining Unicode char U+0459 (decimal 1113)
   defining Unicode char U+045A (decimal 1114)
   defining Unicode char U+045B (decimal 1115)
   defining Unicode char U+045C (decimal 1116)
   defining Unicode char U+045D (decimal 1117)
   defining Unicode char U+045E (decimal 1118)
   defining Unicode char U+045F (decimal 1119)
   defining Unicode char U+0490 (decimal 1168)
   defining Unicode char U+0491 (decimal 1169)
   defining Unicode char U+0492 (decimal 1170)
   defining Unicode char U+0493 (decimal 1171)
   defining Unicode char U+0496 (decimal 1174)
   defining Unicode char U+0497 (decimal 1175)
   defining Unicode char U+0498 (decimal 1176)
   defining Unicode char U+0499 (decimal 1177)
   defining Unicode char U+049A (decimal 1178)
   defining Unicode char U+049B (decimal 1179)
   defining Unicode char U+049C (decimal 1180)
   defining Unicode char U+049D (decimal 1181)
   defining Unicode char U+04A0 (decimal 1184)
   defining Unicode char U+04A1 (decimal 1185)
   defining Unicode char U+04A2 (decimal 1186)
   defining Unicode char U+04A3 (decimal 1187)
   defining Unicode char U+04A4 (decimal 1188)
   defining Unicode char U+04A5 (decimal 1189)
   defining Unicode char U+04AA (decimal 1194)
   defining Unicode char U+04AB (decimal 1195)
   defining Unicode char U+04AE (decimal 1198)
   defining Unicode char U+04AF (decimal 1199)
   defining Unicode char U+04B0 (decimal 1200)
   defining Unicode char U+04B1 (decimal 1201)
   defining Unicode char U+04B2 (decimal 1202)
   defining Unicode char U+04B3 (decimal 1203)
   defining Unicode char U+04B6 (decimal 1206)
   defining Unicode char U+04B7 (decimal 1207)
   defining Unicode char U+04B8 (decimal 1208)
   defining Unicode char U+04B9 (decimal 1209)
   defining Unicode char U+04BA (decimal 1210)
   defining Unicode char U+04BB (decimal 1211)
   defining Unicode char U+04C0 (decimal 1216)
   defining Unicode char U+04C1 (decimal 1217)
   defining Unicode char U+04C2 (decimal 1218)
   defining Unicode char U+04D0 (decimal 1232)
   defining Unicode char U+04D1 (decimal 1233)
   defining Unicode char U+04D2 (decimal 1234)
   defining Unicode char U+04D3 (decimal 1235)
   defining Unicode char U+04D4 (decimal 1236)
   defining Unicode char U+04D5 (decimal 1237)
   defining Unicode char U+04D6 (decimal 1238)
   defining Unicode char U+04D7 (decimal 1239)
   defining Unicode char U+04D8 (decimal 1240)
   defining Unicode char U+04D9 (decimal 1241)
   defining Unicode char U+04DA (decimal 1242)
   defining Unicode char U+04DB (decimal 1243)
   defining Unicode char U+04DC (decimal 1244)
   defining Unicode char U+04DD (decimal 1245)
   defining Unicode char U+04DE (decimal 1246)
   defining Unicode char U+04DF (decimal 1247)
   defining Unicode char U+04E2 (decimal 1250)
   defining Unicode char U+04E3 (decimal 1251)
   defining Unicode char U+04E4 (decimal 1252)
   defining Unicode char U+04E5 (decimal 1253)
   defining Unicode char U+04E6 (decimal 1254)
   defining Unicode char U+04E7 (decimal 1255)
   defining Unicode char U+04E8 (decimal 1256)
   defining Unicode char U+04E9 (decimal 1257)
   defining Unicode char U+04EC (decimal 1260)
   defining Unicode char U+04ED (decimal 1261)
   defining Unicode char U+04EE (decimal 1262)
   defining Unicode char U+04EF (decimal 1263)
   defining Unicode char U+04F0 (decimal 1264)
   defining Unicode char U+04F1 (decimal 1265)
   defining Unicode char U+04F2 (decimal 1266)
   defining Unicode char U+04F3 (decimal 1267)
   defining Unicode char U+04F4 (decimal 1268)
   defining Unicode char U+04F5 (decimal 1269)
   defining Unicode char U+04F8 (decimal 1272)
   defining Unicode char U+04F9 (decimal 1273)
   defining Unicode char U+200C (decimal 8204)
   defining Unicode char U+2013 (decimal 8211)
   defining Unicode char U+2014 (decimal 8212)
   defining Unicode char U+2018 (decimal 8216)
   defining Unicode char U+2019 (decimal 8217)
   defining Unicode char U+201C (decimal 8220)
   defining Unicode char U+201D (decimal 8221)
   defining Unicode char U+201E (decimal 8222)
   defining Unicode char U+2030 (decimal 8240)
   defining Unicode char U+2031 (decimal 8241)
   defining Unicode char U+2116 (decimal 8470)
   defining Unicode char U+2329 (decimal 9001)
   defining Unicode char U+232A (decimal 9002)
   defining Unicode char U+2423 (decimal 9251)
   defining Unicode char U+27E8 (decimal 10216)
   defining Unicode char U+27E9 (decimal 10217)
   defining Unicode char U+FB00 (decimal 64256)
   defining Unicode char U+FB01 (decimal 64257)
   defining Unicode char U+FB02 (decimal 64258)
   defining Unicode char U+FB03 (decimal 64259)
   defining Unicode char U+FB04 (decimal 64260)
   defining Unicode char U+FB05 (decimal 64261)
   defining Unicode char U+FB06 (decimal 64262)
))
LaTeX Font Info:    Trying to load font information for T2A+cmr on input line 1
12.

(/usr/share/texmf-dist/tex/latex/cyrillic/t2acmr.fd
File: t2acmr.fd 2001/08/11 v1.0a Computer Modern Cyrillic font definitions
))
(/usr/share/texmf-dist/tex/generic/babel/babel.sty
Package: babel 2020/02/28 3.41 The Babel package

(/usr/share/texmf-dist/tex/generic/babel/switch.def
File: switch.def 2020/02/28 3.41 Babel switching mechanism
)
(/usr/share/texmf-dist/tex/generic/babel-russian/russianb.ldf
Language: russian 2017/08/12 1.3j Russian support for the Babel system

(/usr/share/texmf-dist/tex/generic/babel/babel.def
File: babel.def 2020/02/28 3.41 Babel common definitions
\babel@savecnt=\count267
\U@D=\dimen159

(/usr/share/texmf-dist/tex/generic/babel/txtbabel.def)
\bbl@readstream=\read4
\bbl@dirlevel=\count268
)
Package babel Info: Making " an active character on input line 120.
Package babel Info: Default for \cyrdash is provided on input line 157.
))
(/usr/share/texmf-dist/tex/latex/base/fontenc.sty
Package: fontenc 2020/02/11 v2.0o Standard LaTeX package
)
(/usr/share/texmf-dist/tex/latex/psnfss/helvet.sty
Package: helvet 2005/04/12 PSNFSS-v9.2a (WaS) 
)
(/usr/share/texmf-dist/tex/latex/psnfss/courier.sty
Package: courier 2005/04/12 PSNFSS-v9.2a (WaS) 
)

! LaTeX Error: File `sectsty.sty' not found.

Type X to quit or <RETURN> to proceed,
or enter new name. (Default extension: sty)

Enter file name: 
! Undefined control sequence.
l.29 \allsectionsfont
                     {%
? 

LaTeX Font Warning: Font shape `T1/cmr/bc/n' undefined
(Font)              using `T1/cmr/m/n' instead on input line 30.

(/usr/share/texmf-dist/tex/latex/geometry/geometry.sty
Package: geometry 2020/01/02 v5.9 Page Geometry

(/usr/share/texmf-dist/tex/generic/iftex/ifvtex.sty
Package: ifvtex 2019/10/25 v1.7 ifvtex legacy package. Use iftex instead.
)
\Gm@cnth=\count269
\Gm@cntv=\count270
\c@Gm@tempcnt=\count271
\Gm@bindingoffset=\dimen160
\Gm@wd@mp=\dimen161
\Gm@odd@mp=\dimen162
\Gm@even@mp=\dimen163
\Gm@layoutwidth=\dimen164
\Gm@layoutheight=\dimen165
\Gm@layouthoffset=\dimen166
\Gm@layoutvoffset=\dimen167
\Gm@dimlist=\toks28
)
(/usr/share/texmf-dist/tex/latex/fancyhdr/fancyhdr.sty
Package: fancyhdr 2019/01/31 v3.10 Extensive control of page headers and footer
s
\f@nch@headwidth=\skip66
\f@nch@O@elh=\skip67
\f@nch@O@erh=\skip68
\f@nch@O@olh=\skip69
\f@nch@O@orh=\skip70
\f@nch@O@elf=\skip71
\f@nch@O@erf=\skip72
\f@nch@O@olf=\skip73
\f@nch@O@orf=\skip74
)
(/usr/share/texmf-dist/tex/latex/natbib/natbib.sty
Package: natbib 2010/09/13 8.31b (PWD, AO)
\bibhang=\skip75
\bibsep=\skip76
LaTeX Info: Redefining \cite on input line 694.
\c@NAT@ctr=\count272
)

! LaTeX Error: File `tocloft.sty' not found.

Type X to quit or <RETURN> to proceed,
or enter new name. (Default extension: sty)

Enter file name: 

! LaTeX Error: Unknown option `titles' for package `tocloft'.

See the LaTeX manual or LaTeX Companion for explanation.
Type  H <return>  for immediate help.
 ...                                              
                                                  
l.102 \setcounter
                 {tocdepth}{3}
? 
\@indexfile=\write4
\openout4 = `refman.idx'.

Writing index file refman.idx

! LaTeX Error: File `newunicodechar.sty' not found.

Type X to quit or <RETURN> to proceed,
or enter new name. (Default extension: sty)

Enter file name: 
! Undefined control sequence.
<recently read> \newunicodechar 
                                
l.107   \newunicodechar
                       {‚Åª}{${}^{-}$}% Superscript minus
? 

! Package inputenc Error: Unicode character ‚Åª (U+207B)
(inputenc)                not set up for use with LaTeX.

See the inputenc package documentation for explanation.
Type  H <return>  for immediate help.
 ...                                              
                                                  
l.107   \newunicodechar{‚Åª
                           }{${}^{-}$}% Superscript minus
? 

! LaTeX Error: Missing \begin{document}.

See the LaTeX manual or LaTeX Companion for explanation.
Type  H <return>  for immediate help.
 ...                                              
                                                  
l.107   \newunicodechar{‚Åª}{$
                              {}^{-}$}% Superscript minus
? 
LaTeX Font Info:    Trying to load font information for U+msa on input line 107
.
(/usr/share/texmf-dist/tex/latex/amsfonts/umsa.fd
File: umsa.fd 2013/01/14 v3.01 AMS symbols A
)
LaTeX Font Info:    Trying to load font information for U+msb on input line 107
.

(/usr/share/texmf-dist/tex/latex/amsfonts/umsb.fd
File: umsb.fd 2013/01/14 v3.01 AMS symbols B
)
LaTeX Font Info:    Trying to load font information for U+wasy on input line 10
7.

(/usr/share/texmf-dist/tex/latex/wasysym/uwasy.fd
File: uwasy.fd 2020/01/19 v2.4 Wasy-2 symbol font definitions
)
! Undefined control sequence.
l.108   \newunicodechar
                       {¬≤}{${}^{2}$}% Superscript two
? 
! Undefined control sequence.
l.109   \newunicodechar
                       {¬≥}{${}^{3}$}% Superscript three
? 
(/usr/share/texmf-dist/tex/latex/hyperref/hyperref.sty
Package: hyperref 2020/01/14 v7.00d Hypertext links for LaTeX

(/usr/share/texmf-dist/tex/generic/ltxcmds/ltxcmds.sty
Package: ltxcmds 2019/12/15 v1.24 LaTeX kernel commands for general use (HO)
)
(/usr/share/texmf-dist/tex/latex/pdftexcmds/pdftexcmds.sty
Package: pdftexcmds 2019/11/24 v0.31 Utility functions of pdfTeX for LuaTeX (HO
)

(/usr/share/texmf-dist/tex/generic/infwarerr/infwarerr.sty
Package: infwarerr 2019/12/03 v1.5 Providing info/warning/error messages (HO)
)
Package pdftexcmds Info: \pdf@primitive is available.
Package pdftexcmds Info: \pdf@ifprimitive is available.
Package pdftexcmds Info: \pdfdraftmode found.
)
(/usr/share/texmf-dist/tex/generic/kvsetkeys/kvsetkeys.sty
Package: kvsetkeys 2019/12/15 v1.18 Key value parser (HO)
)
(/usr/share/texmf-dist/tex/generic/kvdefinekeys/kvdefinekeys.sty
Package: kvdefinekeys 2019-12-19 v1.6 Define keys (HO)
)
(/usr/share/texmf-dist/tex/generic/pdfescape/pdfescape.sty
Package: pdfescape 2019/12/09 v1.15 Implements pdfTeX's escape features (HO)
)
(/usr/share/texmf-dist/tex/latex/hycolor/hycolor.sty
Package: hycolor 2020-01-27 v1.10 Color options for hyperref/bookmark (HO)
)
(/usr/share/texmf-dist/tex/latex/letltxmacro/letltxmacro.sty
Package: letltxmacro 2019/12/03 v1.6 Let assignment for LaTeX macros (HO)
)
(/usr/share/texmf-dist/tex/latex/auxhook/auxhook.sty
Package: auxhook 2019-12-17 v1.6 Hooks for auxiliary files (HO)
)
(/usr/share/texmf-dist/tex/latex/kvoptions/kvoptions.sty
Package: kvoptions 2019/11/29 v3.13 Key value format for package options (HO)
)
\@linkdim=\dimen168
\Hy@linkcounter=\count273
\Hy@pagecounter=\count274

(/usr/share/texmf-dist/tex/latex/hyperref/pd1enc.def
File: pd1enc.def 2020/01/14 v7.00d Hyperref: PDFDocEncoding definition (HO)
Now handling font encoding PD1 ...
... no UTF-8 mapping file for font encoding PD1
)
(/usr/share/texmf-dist/tex/generic/intcalc/intcalc.sty
Package: intcalc 2019/12/15 v1.3 Expandable calculations with integers (HO)
)
(/usr/share/texmf-dist/tex/generic/etexcmds/etexcmds.sty
Package: etexcmds 2019/12/15 v1.7 Avoid name clashes with e-TeX commands (HO)
)
\Hy@SavedSpaceFactor=\count275
Package hyperref Info: Option `unicode' set `true' on input line 3502.

(/usr/share/texmf-dist/tex/latex/hyperref/puenc.def
File: puenc.def 2020/01/14 v7.00d Hyperref: PDF Unicode definition (HO)
Now handling font encoding PU ...
... no UTF-8 mapping file for font encoding PU
)
Package hyperref Info: Hyper figures OFF on input line 4547.
Package hyperref Info: Link nesting OFF on input line 4552.
Package hyperref Info: Hyper index ON on input line 4555.
Package hyperref Info: Plain pages OFF on input line 4562.
Package hyperref Info: Backreferencing ON on input line 4565.
Package hyperref Info: Implicit mode ON; LaTeX internals redefined.
Package hyperref Info: Bookmarks ON on input line 4800.

(/usr/share/texmf-dist/tex/latex/hyperref/backref.sty
Package: backref 2020/01/14 v1.40 Bibliographical back referencing

(/usr/share/texmf-dist/tex/latex/rerunfilecheck/rerunfilecheck.sty
Package: rerunfilecheck 2019/12/05 v1.9 Rerun checks for auxiliary files (HO)

(/usr/share/texmf-dist/tex/latex/atveryend/atveryend.sty
Package: atveryend 2019-12-11 v1.11 Hooks at the very end of document (HO)
Package atveryend Info: \enddocument detected (standard20110627).
)
(/usr/share/texmf-dist/tex/generic/uniquecounter/uniquecounter.sty
Package: uniquecounter 2019/12/15 v1.4 Provide unlimited unique counter (HO)

(/usr/share/texmf-dist/tex/generic/bigintcalc/bigintcalc.sty
Package: bigintcalc 2019/12/15 v1.5 Expandable calculations on big integers (HO
)
))
Package uniquecounter Info: New unique counter `rerunfilecheck' on input line 2
86.
))
\c@Hy@tempcnt=\count276

(/usr/share/texmf-dist/tex/latex/url/url.sty
\Urlmuskip=\muskip16
Package: url 2013/09/16  ver 3.4  Verb mode for urls, etc.
)
LaTeX Info: Redefining \url on input line 5159.
\XeTeXLinkMargin=\dimen169

(/usr/share/texmf-dist/tex/generic/bitset/bitset.sty
Package: bitset 2019/12/09 v1.3 Handle bit-vector datatype (HO)
)
\Fld@menulength=\count277
\Field@Width=\dimen170
\Fld@charsize=\dimen171
Package hyperref Info: Hyper figures OFF on input line 6430.
Package hyperref Info: Link nesting OFF on input line 6435.
Package hyperref Info: Hyper index ON on input line 6438.
Package hyperref Info: backreferencing ON on input line 6443.
Package hyperref Info: Link coloring OFF on input line 6450.
Package hyperref Info: Link coloring with OCG OFF on input line 6455.
Package hyperref Info: PDF/A mode OFF on input line 6460.
LaTeX Info: Redefining \ref on input line 6500.
LaTeX Info: Redefining \pageref on input line 6504.

(/usr/share/texmf-dist/tex/generic/atbegshi/atbegshi.sty
Package: atbegshi 2019/12/05 v1.19 At begin shipout hook (HO)
)
\Hy@abspage=\count278
\c@Item=\count279
\c@Hfootnote=\count280
)
Package hyperref Info: Driver: hpdftex.

(/usr/share/texmf-dist/tex/latex/hyperref/hpdftex.def
File: hpdftex.def 2020/01/14 v7.00d Hyperref driver for pdfTeX
\Fld@listcount=\count281
\c@bookmark@seq@number=\count282
\Hy@SectionHShift=\skip77
)
Package hyperref Info: Option `colorlinks' set `true' on input line 127.
Package hyperref Info: Option `unicode' set `true' on input line 127.

(/usr/share/texmf-dist/tex/latex/caption/caption.sty
Package: caption 2020/01/03 v3.4h Customizing captions (AR)

(/usr/share/texmf-dist/tex/latex/caption/caption3.sty
Package: caption3 2020/01/03 v1.8h caption3 kernel (AR)
Package caption3 Info: TeX engine: e-TeX on input line 61.
\captionmargin=\dimen172
\captionmargin@=\dimen173
\captionwidth=\dimen174
\caption@tempdima=\dimen175
\caption@indent=\dimen176
\caption@parindent=\dimen177
\caption@hangindent=\dimen178
Package caption Info: Standard document class detected.
)
\c@caption@flags=\count283
\c@continuedfloat=\count284
Package caption Info: float package is loaded.
Package caption Info: hyperref package is loaded.
Package caption Info: longtable package is loaded.

(/usr/share/texmf-dist/tex/latex/caption/ltcaption.sty
Package: ltcaption 2018/08/26 v1.4a longtable captions (AR)
))

! LaTeX Error: File `etoc.sty' not found.

Type X to quit or <RETURN> to proceed,
or enter new name. (Default extension: sty)

Enter file name: 
! Undefined control sequence.
<recently read> \etocsettocstyle 
                                 
l.138 \etocsettocstyle
                      {\doxytocparskip}{\doxynormalparskip}
? 
(/usr/share/texmf-dist/tex/latex/l3backend/l3backend-pdfmode.def
File: l3backend-pdfmode.def 2020-02-23 L3 backend support: PDF mode
\l__kernel_color_stack_int=\count285
\l__pdf_internal_box=\box104
)
No file refman.aux.
\openout1 = `refman.aux'.

LaTeX Font Info:    Checking defaults for OML/cmm/m/it on input line 142.
LaTeX Font Info:    ... okay on input line 142.
LaTeX Font Info:    Checking defaults for OMS/cmsy/m/n on input line 142.
LaTeX Font Info:    ... okay on input line 142.
LaTeX Font Info:    Checking defaults for OT1/cmr/m/n on input line 142.
LaTeX Font Info:    ... okay on input line 142.
LaTeX Font Info:    Checking defaults for T1/cmr/m/n on input line 142.
LaTeX Font Info:    ... okay on input line 142.
LaTeX Font Info:    Checking defaults for TS1/cmr/m/n on input line 142.
LaTeX Font Info:    ... okay on input line 142.
LaTeX Font Info:    Checking defaults for OMX/cmex/m/n on input line 142.
LaTeX Font Info:    ... okay on input line 142.
LaTeX Font Info:    Checking defaults for U/cmr/m/n on input line 142.
LaTeX Font Info:    ... okay on input line 142.
LaTeX Font Info:    Checking defaults for T2A/cmr/m/n on input line 142.
LaTeX Font Info:    ... okay on input line 142.
LaTeX Font Info:    Checking defaults for PD1/pdf/m/n on input line 142.
LaTeX Font Info:    ... okay on input line 142.
LaTeX Font Info:    Checking defaults for PU/pdf/m/n on input line 142.
LaTeX Font Info:    ... okay on input line 142.
LaTeX Font Info:    Trying to load font information for T1+phv on input line 14
2.
(/usr/share/texmf-dist/tex/latex/psnfss/t1phv.fd
File: t1phv.fd 2001/06/04 scalable font definitions for T1/phv.


LaTeX Warning: Font shape declaration has incorrect series value `mc'.
               It should not contain an `m'! Please correct it.
               Found on input line 20.


LaTeX Warning: Font shape declaration has incorrect series value `mc'.
               It should not contain an `m'! Please correct it.
               Found on input line 23.


LaTeX Warning: Font shape declaration has incorrect series value `mc'.
               It should not contain an `m'! Please correct it.
               Found on input line 26.


LaTeX Warning: Font shape declaration has incorrect series value `mc'.
               It should not contain an `m'! Please correct it.
               Found on input line 46.

)
LaTeX Font Info:    Font shape `T1/phv/m/n' will be
(Font)              scaled to size 8.99994pt on input line 142.
 (/usr/share/texmf-dist/tex/context/base/mkii/supp-pdf.mkii
[Loading MPS to PDF converter (version 2006.09.02).]
\scratchcounter=\count286
\scratchdimen=\dimen179
\scratchbox=\box105
\nofMPsegments=\count287
\nofMParguments=\count288
\everyMPshowfont=\toks29
\MPscratchCnt=\count289
\MPscratchDim=\dimen180
\MPnumerator=\count290
\makeMPintoPDFobject=\count291
\everyMPtoPDFconversion=\toks30
) (/usr/share/texmf-dist/tex/latex/epstopdf-pkg/epstopdf-base.sty
Package: epstopdf-base 2020-01-24 v2.11 Base part for package epstopdf
Package epstopdf-base Info: Redefining graphics rule for `.eps' on input line 4
85.

(/usr/share/texmf-dist/tex/latex/latexconfig/epstopdf-sys.cfg
File: epstopdf-sys.cfg 2010/07/13 v1.3 Configuration of (r)epstopdf for TeX Liv
e
))
LaTeX Font Info:    Trying to load font information for T2A+phv on input line 1
42.
LaTeX Font Info:    No file T2Aphv.fd. on input line 142.


LaTeX Font Warning: Font shape `T2A/phv/m/n' undefined
(Font)              using `T2A/cmr/m/n' instead on input line 142.

*geometry* driver: auto-detecting
*geometry* detected driver: pdftex
*geometry* verbose mode - [ preamble ] result:
* driver: pdftex
* paper: a4paper
* layout: <same size as paper>
* layoutoffset:(h,v)=(0.0pt,0.0pt)
* modes: twoside 
* h-part:(L,W,R)=(71.13188pt, 455.24411pt, 71.13188pt)
* v-part:(T,H,B)=(71.13188pt, 702.78308pt, 71.13188pt)
* \paperwidth=597.50787pt
* \paperheight=845.04684pt
* \textwidth=455.24411pt
* \textheight=702.78308pt
* \oddsidemargin=-1.1381pt
* \evensidemargin=-1.1381pt
* \topmargin=-31.2056pt
* \headheight=12.0pt
* \headsep=18.06749pt
* \topskip=10.0pt
* \footskip=25.29494pt
* \marginparwidth=125.0pt
* \marginparsep=7.0pt
* \columnsep=10.0pt
* \skip\footins=9.0pt plus 4.0pt minus 2.0pt
* \hoffset=0.0pt
* \voffset=0.0pt
* \mag=1000
* \@twocolumnfalse
* \@twosidetrue
* \@mparswitchtrue
* \@reversemarginfalse
* (1in=72.27pt=25.4mm, 1cm=28.453pt)

Package backref Info: ** backref set up for natbib ** on input line 142.
\AtBeginShipoutBox=\box106
Package hyperref Info: Link coloring ON on input line 142.
(/usr/share/texmf-dist/tex/latex/hyperref/nameref.sty
Package: nameref 2019/09/16 v2.46 Cross-referencing by name of section

(/usr/share/texmf-dist/tex/latex/refcount/refcount.sty
Package: refcount 2019/12/15 v3.6 Data extraction from label references (HO)
)
(/usr/share/texmf-dist/tex/generic/gettitlestring/gettitlestring.sty
Package: gettitlestring 2019/12/15 v1.6 Cleanup title references (HO)
)
\c@section@level=\count292
)
LaTeX Info: Redefining \ref on input line 142.
LaTeX Info: Redefining \pageref on input line 142.
LaTeX Info: Redefining \nameref on input line 142.
\@outlinefile=\write5
\openout5 = `refman.out'.

Package caption Info: Begin \AtBeginDocument code.
Package caption Info: End \AtBeginDocument code.
Package hyperref Info: Option `pageanchor' set `false' on input line 148.
Package hyperref Info: Option `bookmarksnumbered' set `true' on input line 148.

Package hyperref Info: Option `unicode' set `true' on input line 148.


LaTeX Font Warning: Font shape `T2A/phv/b/n' undefined
(Font)              using `T2A/phv/m/n' instead on input line 150.

[1{/var/lib/texmf/fonts/map/pdftex/updmap/pdftex.map}

] [2

] [1] [2

]
\tf@toc=\write6
\openout6 = `refman.toc'.

 [1

] [2

]
Package hyperref Info: Option `pageanchor' set `true' on input line 163.

{\cyrillictext \CYRG \cyrl \cyra \cyrv \cyra } 1.
(./hierarchy.tex

LaTeX Warning: Reference `classError' on page 1 undefined on input line 4.


LaTeX Warning: Reference `classHTTPClient' on page 1 undefined on input line 6.


) [1

]
LaTeX Font Info:    Font shape `T1/phv/b/n' will be
(Font)              scaled to size 8.99994pt on input line 168.
 [2

]
{\cyrillictext \CYRG \cyrl \cyra \cyrv \cyra } 2.
(./annotated.tex

LaTeX Warning: Reference `classError' on page 3 undefined on input line 3.


LaTeX Warning: Reference `classHTTPClient' on page 3 undefined on input line 4.


) [3] [4

]
{\cyrillictext \CYRG \cyrl \cyra \cyrv \cyra } 3.
(./files.tex

LaTeX Warning: Reference `HTTPClient_8h' on page 5 undefined on input line 3.


LaTeX Warning: Reference `main_8cpp' on page 5 undefined on input line 4.

) [5] [6

]
{\cyrillictext \CYRG \cyrl \cyra \cyrv \cyra } 4.
(./classError.tex
LaTeX Font Info:    Trying to load font information for T2A+pcr on input line 1
0.
LaTeX Font Info:    No file T2Apcr.fd. on input line 10.


LaTeX Font Warning: Font shape `T2A/pcr/m/n' undefined
(Font)              using `T2A/cmr/m/n' instead on input line 10.



pdfTeX warning: pdflatex (file ./classError.pdf): PDF inclusion: found PDF vers
ion <1.7>, but at most version <1.5> allowed
 <./classError.pdf>
<classError.pdf, id=73, 501.875pt x 542.567pt>
File: classError.pdf Graphic file (type pdf)
<use classError.pdf>
Package pdftex.def Info: classError.pdf  used on input line 15.
(pdftex.def)             Requested size: 52.63333pt x 56.9055pt.
LaTeX Font Info:    Trying to load font information for TS1+phv on input line 2
1.
 (/usr/share/texmf-dist/tex/latex/psnfss/ts1phv.fd
File: ts1phv.fd 2001/06/04 scalable font definitions for TS1/phv.


LaTeX Warning: Font shape declaration has incorrect series value `mc'.
               It should not contain an `m'! Please correct it.
               Found on input line 17.


LaTeX Warning: Font shape declaration has incorrect series value `mc'.
               It should not contain an `m'! Please correct it.
               Found on input line 20.


LaTeX Warning: Font shape declaration has incorrect series value `mc'.
               It should not contain an `m'! Please correct it.
               Found on input line 34.

)
LaTeX Font Info:    Font shape `TS1/phv/m/n' will be
(Font)              scaled to size 8.99994pt on input line 21.


LaTeX Font Warning: Font shape `T2A/phv/m/it' undefined
(Font)              using `T2A/phv/m/n' instead on input line 22.


LaTeX Font Warning: Font shape `T2A/pcr/m/it' undefined
(Font)              using `T2A/pcr/m/n' instead on input line 41.

! Undefined control sequence.
\\DoxyParams [#1]#2->\tabulinesep 
                                  =1mm\par \ifthenelse {\equal {#1}{}}{\begi...
l.48 \begin{DoxyParams}[1]{–ê—Ä–≥—É–º–µ–Ω—Ç—ã}
                                              
? 

! LaTeX Error: Environment longtabu* undefined.

See the LaTeX manual or LaTeX Companion for explanation.
Type  H <return>  for immediate help.
 ...                                              
                                                  
l.48 \begin{DoxyParams}[1]{–ê—Ä–≥—É–º–µ–Ω—Ç—ã}
                                              
? 
! Misplaced \omit.
\multispan ->\omit 
                   \@multispan 
l.48 \begin{DoxyParams}[1]{–ê—Ä–≥—É–º–µ–Ω—Ç—ã}
                                              
? 
! Misplaced \span.
\sp@n ->\span 
              \omit \advance \@multicnt \m@ne 
l.48 \begin{DoxyParams}[1]{–ê—Ä–≥—É–º–µ–Ω—Ç—ã}
                                              
? 
! Misplaced \omit.
\sp@n ->\span \omit 
                    \advance \@multicnt \m@ne 
l.48 \begin{DoxyParams}[1]{–ê—Ä–≥—É–º–µ–Ω—Ç—ã}
                                              
? 

LaTeX Font Warning: Font shape `T2A/phv/bc/n' undefined
(Font)              using `T2A/phv/m/n' instead on input line 48.

! Misplaced \noalign.
\hline ->\noalign 
                  {\ifnum 0=`}\fi \let \hskip \vskip \let \vrule \hrule \let...
l.48 \begin{DoxyParams}[1]{–ê—Ä–≥—É–º–µ–Ω—Ç—ã}
                                              
? 

Underfull \hbox (badness 10000) in paragraph at lines 48--48

 []

! You can't use `\hrule' here except with leaders.
\size@update ...p \setbox \strutbox \hbox {\vrule 
                                                  \@height .7\baselineskip \...
l.48 \begin{DoxyParams}[1]{–ê—Ä–≥—É–º–µ–Ω—Ç—ã}
                                              
? 
! Missing number, treated as zero.
<to be read again> 
                   d
l.48 \begin{DoxyParams}[1]{–ê—Ä–≥—É–º–µ–Ω—Ç—ã}
                                              
? 
! Illegal unit of measure (pt inserted).
<to be read again> 
                   d
l.48 \begin{DoxyParams}[1]{–ê—Ä–≥—É–º–µ–Ω—Ç—ã}
                                              
? 
! Missing number, treated as zero.
<to be read again> 
                   h
l.48 \begin{DoxyParams}[1]{–ê—Ä–≥—É–º–µ–Ω—Ç—ã}
                                              
? 
! Illegal unit of measure (pt inserted).
<to be read again> 
                   h
l.48 \begin{DoxyParams}[1]{–ê—Ä–≥—É–º–µ–Ω—Ç—ã}
                                              
? 
! Missing number, treated as zero.
<to be read again> 
                   }
l.48 \begin{DoxyParams}[1]{–ê—Ä–≥—É–º–µ–Ω—Ç—ã}
                                              
? 
! Illegal unit of measure (pt inserted).
<to be read again> 
                   }
l.48 \begin{DoxyParams}[1]{–ê—Ä–≥—É–º–µ–Ω—Ç—ã}
                                              
? 
! You can't use `\hrule' here except with leaders.
\size@update ...p \setbox \strutbox \hbox {\vrule 
                                                  \@height .7\baselineskip \...
l.48 \begin{DoxyParams}[1]{–ê—Ä–≥—É–º–µ–Ω—Ç—ã}
                                              
? 
! Missing number, treated as zero.
<to be read again> 
                   d
l.48 \begin{DoxyParams}[1]{–ê—Ä–≥—É–º–µ–Ω—Ç—ã}
                                              
? 
! Illegal unit of measure (pt inserted).
<to be read again> 
                   d
l.48 \begin{DoxyParams}[1]{–ê—Ä–≥—É–º–µ–Ω—Ç—ã}
                                              
? 
! Missing number, treated as zero.
<to be read again> 
                   h
l.48 \begin{DoxyParams}[1]{–ê—Ä–≥—É–º–µ–Ω—Ç—ã}
                                              
? 
! Illegal unit of measure (pt inserted).
<to be read again> 
                   h
l.48 \begin{DoxyParams}[1]{–ê—Ä–≥—É–º–µ–Ω—Ç—ã}
                                              
? 
! Missing number, treated as zero.
<to be read again> 
                   }
l.48 \begin{DoxyParams}[1]{–ê—Ä–≥—É–º–µ–Ω—Ç—ã}
                                              
? 
! Illegal unit of measure (pt inserted).
<to be read again> 
                   }
l.48 \begin{DoxyParams}[1]{–ê—Ä–≥—É–º–µ–Ω—Ç—ã}
                                              
? 

Package Fancyhdr Warning: \headheight is too small (12.0pt): 
Make it at least 464.13083pt.
We now make it that large for the rest of the document.
This may cause the page layout to be inconsistent, however.

! You can't use `\hrule' here except with leaders.
\size@update ...p \setbox \strutbox \hbox {\vrule 
                                                  \@height .7\baselineskip \...
l.48 \begin{DoxyParams}[1]{–ê—Ä–≥—É–º–µ–Ω—Ç—ã}
                                              
? 
! Missing number, treated as zero.
<to be read again> 
                   d
l.48 \begin{DoxyParams}[1]{–ê—Ä–≥—É–º–µ–Ω—Ç—ã}
                                              
? 
! Illegal unit of measure (pt inserted).
<to be read again> 
                   d
l.48 \begin{DoxyParams}[1]{–ê—Ä–≥—É–º–µ–Ω—Ç—ã}
                                              
? 
! Missing number, treated as zero.
<to be read again> 
                   h
l.48 \begin{DoxyParams}[1]{–ê—Ä–≥—É–º–µ–Ω—Ç—ã}
                                              
? 
! Illegal unit of measure (pt inserted).
<to be read again> 
                   h
l.48 \begin{DoxyParams}[1]{–ê—Ä–≥—É–º–µ–Ω—Ç—ã}
                                              
? 
! Missing number, treated as zero.
<to be read again> 
                   }
l.48 \begin{DoxyParams}[1]{–ê—Ä–≥—É–º–µ–Ω—Ç—ã}
                                              
? 
! Illegal unit of measure (pt inserted).
<to be read again> 
                   }
l.48 \begin{DoxyParams}[1]{–ê—Ä–≥—É–º–µ–Ω—Ç—ã}
                                              
? 
[7]
! Misplaced \crcr.
\LT@echunk ->\crcr 
                   \LT@save@row \cr \egroup \global \setbox \@ne \lastbox \u...
l.48 \begin{DoxyParams}[1]{–ê—Ä–≥—É–º–µ–Ω—Ç—ã}
                                              
? 
! Undefined control sequence.
\LT@echunk ->\crcr \LT@save@row 
                                \cr \egroup \global \setbox \@ne \lastbox \u...
l.48 \begin{DoxyParams}[1]{–ê—Ä–≥—É–º–µ–Ω—Ç—ã}
                                              
? 
! Misplaced \cr.
\LT@echunk ->\crcr \LT@save@row \cr 
                                    \egroup \global \setbox \@ne \lastbox \u...
l.48 \begin{DoxyParams}[1]{–ê—Ä–≥—É–º–µ–Ω—Ç—ã}
                                              
? 
! Extra }, or forgotten \endgroup.
\LT@echunk ->\crcr \LT@save@row \cr \egroup 
                                            \global \setbox \@ne \lastbox \u...
l.48 \begin{DoxyParams}[1]{–ê—Ä–≥—É–º–µ–Ω—Ç—ã}
                                              
? 
! Extra }, or forgotten \endgroup.
\LT@echunk ...etbox \@ne \lastbox \unskip \egroup 
                                                  
l.48 \begin{DoxyParams}[1]{–ê—Ä–≥—É–º–µ–Ω—Ç—ã}
                                              
? 
! Undefined control sequence.
\LT@end@hd@ft ...ox \z@ \LT@get@widths \LT@bchunk 
                                                  
l.48 \begin{DoxyParams}[1]{–ê—Ä–≥—É–º–µ–Ω—Ç—ã}
                                              
? 
! Misplaced \omit.
\multispan ->\omit 
                   \@multispan 
l.48 \begin{DoxyParams}[1]{–ê—Ä–≥—É–º–µ–Ω—Ç—ã}
                                              
? 
! Misplaced \span.
\sp@n ->\span 
              \omit \advance \@multicnt \m@ne 
l.48 \begin{DoxyParams}[1]{–ê—Ä–≥—É–º–µ–Ω—Ç—ã}
                                              
? 
! Misplaced \omit.
\sp@n ->\span \omit 
                    \advance \@multicnt \m@ne 
l.48 \begin{DoxyParams}[1]{–ê—Ä–≥—É–º–µ–Ω—Ç—ã}
                                              
? 
! Misplaced \noalign.
\hline ->\noalign 
                  {\ifnum 0=`}\fi \let \hskip \vskip \let \vrule \hrule \let...
l.48 \begin{DoxyParams}[1]{–ê—Ä–≥—É–º–µ–Ω—Ç—ã}
                                              
? 

Underfull \hbox (badness 10000) in paragraph at lines 48--48

 []

! Misplaced \crcr.
\LT@echunk ->\crcr 
                   \LT@save@row \cr \egroup \global \setbox \@ne \lastbox \u...
l.48 \begin{DoxyParams}[1]{–ê—Ä–≥—É–º–µ–Ω—Ç—ã}
                                              
? 
! Misplaced \cr.
\LT@echunk ->\crcr \LT@save@row \cr 
                                    \egroup \global \setbox \@ne \lastbox \u...
l.48 \begin{DoxyParams}[1]{–ê—Ä–≥—É–º–µ–Ω—Ç—ã}
                                              
? 
! Extra }, or forgotten \endgroup.
\LT@echunk ->\crcr \LT@save@row \cr \egroup 
                                            \global \setbox \@ne \lastbox \u...
l.48 \begin{DoxyParams}[1]{–ê—Ä–≥—É–º–µ–Ω—Ç—ã}
                                              
? 
! Extra }, or forgotten \endgroup.
\LT@echunk ...etbox \@ne \lastbox \unskip \egroup 
                                                  
l.48 \begin{DoxyParams}[1]{–ê—Ä–≥—É–º–µ–Ω—Ç—ã}
                                              
? 
! Undefined control sequence.
\LT@end@hd@ft ...ox \z@ \LT@get@widths \LT@bchunk 
                                                  
l.48 \begin{DoxyParams}[1]{–ê—Ä–≥—É–º–µ–Ω—Ç—ã}
                                              
? 
! Misplaced alignment tab character &.
l.49 \mbox{\texttt{ in}}  &
                            {\em what\+\_\+arg} & –æ–ø–∏—Å–∞–Ω–∏–µ –æ—à–∏–±–...

? 
! Misplaced alignment tab character &.
l.49 \mbox{\texttt{ in}}  & {\em what\+\_\+arg} &
                                                  –æ–ø–∏—Å–∞–Ω–∏–µ –æ—à–∏–±–...

? 
! Misplaced \noalign.
\hline ->\noalign 
                  {\ifnum 0=`}\fi \let \hskip \vskip \let \vrule \hrule \let...
l.50 \hline
           
? 

Underfull \hbox (badness 10000) in paragraph at lines 49--50

 []


! LaTeX Error: \begin{DoxyParams} on input line 48 ended by \end{longtabu*}.

See the LaTeX manual or LaTeX Companion for explanation.
Type  H <return>  for immediate help.
 ...                                              
                                                  
l.51 \end{DoxyParams}
                     
? 

Underfull \hbox (badness 10000) detected at line 65
[][][]
 []

) (./classHTTPClient.tex [8]
! Undefined control sequence.
\DoxyExceptions #1->\tabulinesep 
                                 =1mm\par \begin {longtabu*}spread 0pt [l]{|...
l.86 \begin{DoxyExceptions}{–ò—Å–∫–ª—é—á–µ–Ω–∏—è}
                                                 
? 
[9]

! LaTeX Error: Environment longtabu* undefined.

See the LaTeX manual or LaTeX Companion for explanation.
Type  H <return>  for immediate help.
 ...                                              
                                                  
l.86 \begin{DoxyExceptions}{–ò—Å–∫–ª—é—á–µ–Ω–∏—è}
                                                 
? 
! Misplaced \omit.
\multispan ->\omit 
                   \@multispan 
l.86 \begin{DoxyExceptions}{–ò—Å–∫–ª—é—á–µ–Ω–∏—è}
                                                 
? 
! Misplaced \span.
\sp@n ->\span 
              \omit \advance \@multicnt \m@ne 
l.86 \begin{DoxyExceptions}{–ò—Å–∫–ª—é—á–µ–Ω–∏—è}
                                                 
? 
! Misplaced \omit.
\sp@n ->\span \omit 
                    \advance \@multicnt \m@ne 
l.86 \begin{DoxyExceptions}{–ò—Å–∫–ª—é—á–µ–Ω–∏—è}
                                                 
? 
! Misplaced \noalign.
\hline ->\noalign 
                  {\ifnum 0=`}\fi \let \hskip \vskip \let \vrule \hrule \let...
l.86 \begin{DoxyExceptions}{–ò—Å–∫–ª—é—á–µ–Ω–∏—è}
                                                 
? 

Underfull \hbox (badness 10000) in paragraph at lines 86--86

 []

! Misplaced \crcr.
\LT@echunk ->\crcr 
                   \LT@save@row \cr \egroup \global \setbox \@ne \lastbox \u...
l.86 \begin{DoxyExceptions}{–ò—Å–∫–ª—é—á–µ–Ω–∏—è}
                                                 
? 
! Misplaced \cr.
\LT@echunk ->\crcr \LT@save@row \cr 
                                    \egroup \global \setbox \@ne \lastbox \u...
l.86 \begin{DoxyExceptions}{–ò—Å–∫–ª—é—á–µ–Ω–∏—è}
                                                 
? 
! Extra }, or forgotten \endgroup.
\LT@echunk ->\crcr \LT@save@row \cr \egroup 
                                            \global \setbox \@ne \lastbox \u...
l.86 \begin{DoxyExceptions}{–ò—Å–∫–ª—é—á–µ–Ω–∏—è}
                                                 
? 
! Extra }, or forgotten \endgroup.
\LT@echunk ...etbox \@ne \lastbox \unskip \egroup 
                                                  
l.86 \begin{DoxyExceptions}{–ò—Å–∫–ª—é—á–µ–Ω–∏—è}
                                                 
? 
! Undefined control sequence.
\LT@end@hd@ft ...ox \z@ \LT@get@widths \LT@bchunk 
                                                  
l.86 \begin{DoxyExceptions}{–ò—Å–∫–ª—é—á–µ–Ω–∏—è}
                                                 
? 
! Misplaced \omit.
\multispan ->\omit 
                   \@multispan 
l.86 \begin{DoxyExceptions}{–ò—Å–∫–ª—é—á–µ–Ω–∏—è}
                                                 
? 
! Misplaced \span.
\sp@n ->\span 
              \omit \advance \@multicnt \m@ne 
l.86 \begin{DoxyExceptions}{–ò—Å–∫–ª—é—á–µ–Ω–∏—è}
                                                 
? 
! Misplaced \omit.
\sp@n ->\span \omit 
                    \advance \@multicnt \m@ne 
l.86 \begin{DoxyExceptions}{–ò—Å–∫–ª—é—á–µ–Ω–∏—è}
                                                 
? 
! Misplaced \noalign.
\hline ->\noalign 
                  {\ifnum 0=`}\fi \let \hskip \vskip \let \vrule \hrule \let...
l.86 \begin{DoxyExceptions}{–ò—Å–∫–ª—é—á–µ–Ω–∏—è}
                                                 
? 

Underfull \hbox (badness 10000) in paragraph at lines 86--86

 []

! Misplaced \crcr.
\LT@echunk ->\crcr 
                   \LT@save@row \cr \egroup \global \setbox \@ne \lastbox \u...
l.86 \begin{DoxyExceptions}{–ò—Å–∫–ª—é—á–µ–Ω–∏—è}
                                                 
? 
! Misplaced \cr.
\LT@echunk ->\crcr \LT@save@row \cr 
                                    \egroup \global \setbox \@ne \lastbox \u...
l.86 \begin{DoxyExceptions}{–ò—Å–∫–ª—é—á–µ–Ω–∏—è}
                                                 
? 
! Extra }, or forgotten \endgroup.
\LT@echunk ->\crcr \LT@save@row \cr \egroup 
                                            \global \setbox \@ne \lastbox \u...
l.86 \begin{DoxyExceptions}{–ò—Å–∫–ª—é—á–µ–Ω–∏—è}
                                                 
? 
! Extra }, or forgotten \endgroup.
\LT@echunk ...etbox \@ne \lastbox \unskip \egroup 
                                                  
l.86 \begin{DoxyExceptions}{–ò—Å–∫–ª—é—á–µ–Ω–∏—è}
                                                 
? 
! Undefined control sequence.
\LT@end@hd@ft ...ox \z@ \LT@get@widths \LT@bchunk 
                                                  
l.86 \begin{DoxyExceptions}{–ò—Å–∫–ª—é—á–µ–Ω–∏—è}
                                                 
? 
! Misplaced alignment tab character &.
l.87 {\em \mbox{\hyperlink{classError}{Error}}} &
                                                  –≤ —Å–ª—É—á–∞–µ –æ—à–∏–±–∫...

? 
! Misplaced \noalign.
\hline ->\noalign 
                  {\ifnum 0=`}\fi \let \hskip \vskip \let \vrule \hrule \let...
l.88 \hline
           
? 

Underfull \hbox (badness 10000) in paragraph at lines 87--88

 []


! LaTeX Error: \begin{DoxyExceptions} on input line 86 ended by \end{longtabu*}
.

See the LaTeX manual or LaTeX Companion for explanation.
Type  H <return>  for immediate help.
 ...                                              
                                                  
l.89 \end{DoxyExceptions}
                         
? 
! Undefined control sequence.
\DoxyExceptions #1->\tabulinesep 
                                 =1mm\par \begin {longtabu*}spread 0pt [l]{|...
l.104 \begin{DoxyExceptions}{–ò—Å–∫–ª—é—á–µ–Ω–∏—è}
                                                  
? 

! LaTeX Error: Environment longtabu* undefined.

See the LaTeX manual or LaTeX Companion for explanation.
Type  H <return>  for immediate help.
 ...                                              
                                                  
l.104 \begin{DoxyExceptions}{–ò—Å–∫–ª—é—á–µ–Ω–∏—è}
                                                  
? 
! Misplaced \omit.
\multispan ->\omit 
                   \@multispan 
l.104 \begin{DoxyExceptions}{–ò—Å–∫–ª—é—á–µ–Ω–∏—è}
                                                  
? 
! Misplaced \span.
\sp@n ->\span 
              \omit \advance \@multicnt \m@ne 
l.104 \begin{DoxyExceptions}{–ò—Å–∫–ª—é—á–µ–Ω–∏—è}
                                                  
? 
! Misplaced \omit.
\sp@n ->\span \omit 
                    \advance \@multicnt \m@ne 
l.104 \begin{DoxyExceptions}{–ò—Å–∫–ª—é—á–µ–Ω–∏—è}
                                                  
? 
! Misplaced \noalign.
\hline ->\noalign 
                  {\ifnum 0=`}\fi \let \hskip \vskip \let \vrule \hrule \let...
l.104 \begin{DoxyExceptions}{–ò—Å–∫–ª—é—á–µ–Ω–∏—è}
                                                  
? 

Underfull \hbox (badness 10000) in paragraph at lines 104--104

 []

! Misplaced \crcr.
\LT@echunk ->\crcr 
                   \LT@save@row \cr \egroup \global \setbox \@ne \lastbox \u...
l.104 \begin{DoxyExceptions}{–ò—Å–∫–ª—é—á–µ–Ω–∏—è}
                                                  
? 
! Misplaced \cr.
\LT@echunk ->\crcr \LT@save@row \cr 
                                    \egroup \global \setbox \@ne \lastbox \u...
l.104 \begin{DoxyExceptions}{–ò—Å–∫–ª—é—á–µ–Ω–∏—è}
                                                  
? 
! Extra }, or forgotten \endgroup.
\LT@echunk ->\crcr \LT@save@row \cr \egroup 
                                            \global \setbox \@ne \lastbox \u...
l.104 \begin{DoxyExceptions}{–ò—Å–∫–ª—é—á–µ–Ω–∏—è}
                                                  
? 
! Extra }, or forgotten \endgroup.
\LT@echunk ...etbox \@ne \lastbox \unskip \egroup 
                                                  
l.104 \begin{DoxyExceptions}{–ò—Å–∫–ª—é—á–µ–Ω–∏—è}
                                                  
? 
! Undefined control sequence.
\LT@end@hd@ft ...ox \z@ \LT@get@widths \LT@bchunk 
                                                  
l.104 \begin{DoxyExceptions}{–ò—Å–∫–ª—é—á–µ–Ω–∏—è}
                                                  
? 
! Misplaced \omit.
\multispan ->\omit 
                   \@multispan 
l.104 \begin{DoxyExceptions}{–ò—Å–∫–ª—é—á–µ–Ω–∏—è}
                                                  
? 
! Misplaced \span.
\sp@n ->\span 
              \omit \advance \@multicnt \m@ne 
l.104 \begin{DoxyExceptions}{–ò—Å–∫–ª—é—á–µ–Ω–∏—è}
                                                  
? 
! Misplaced \omit.
\sp@n ->\span \omit 
                    \advance \@multicnt \m@ne 
l.104 \begin{DoxyExceptions}{–ò—Å–∫–ª—é—á–µ–Ω–∏—è}
                                                  
? 
! Misplaced \noalign.
\hline ->\noalign 
                  {\ifnum 0=`}\fi \let \hskip \vskip \let \vrule \hrule \let...
l.104 \begin{DoxyExceptions}{–ò—Å–∫–ª—é—á–µ–Ω–∏—è}
                                                  
? 

Underfull \hbox (badness 10000) in paragraph at lines 104--104

 []

! Misplaced \crcr.
\LT@echunk ->\crcr 
                   \LT@save@row \cr \egroup \global \setbox \@ne \lastbox \u...
l.104 \begin{DoxyExceptions}{–ò—Å–∫–ª—é—á–µ–Ω–∏—è}
                                                  
? 
! Misplaced \cr.
\LT@echunk ->\crcr \LT@save@row \cr 
                                    \egroup \global \setbox \@ne \lastbox \u...
l.104 \begin{DoxyExceptions}{–ò—Å–∫–ª—é—á–µ–Ω–∏—è}
                                                  
? 
! Extra }, or forgotten \endgroup.
\LT@echunk ->\crcr \LT@save@row \cr \egroup 
                                            \global \setbox \@ne \lastbox \u...
l.104 \begin{DoxyExceptions}{–ò—Å–∫–ª—é—á–µ–Ω–∏—è}
                                                  
? 
! Extra }, or forgotten \endgroup.
\LT@echunk ...etbox \@ne \lastbox \unskip \egroup 
                                                  
l.104 \begin{DoxyExceptions}{–ò—Å–∫–ª—é—á–µ–Ω–∏—è}
                                                  
? 
! Undefined control sequence.
\LT@end@hd@ft ...ox \z@ \LT@get@widths \LT@bchunk 
                                                  
l.104 \begin{DoxyExceptions}{–ò—Å–∫–ª—é—á–µ–Ω–∏—è}
                                                  
? 
! Misplaced alignment tab character &.
l.105 {\em \mbox{\hyperlink{classError}{Error}}} &
                                                   –≤ —Å–ª—É—á–∞–µ –æ—à–∏–±–...

? 
! Misplaced \noalign.
\hline ->\noalign 
                  {\ifnum 0=`}\fi \let \hskip \vskip \let \vrule \hrule \let...
l.106 \hline
            
? 

Underfull \hbox (badness 10000) in paragraph at lines 105--106

 []


! LaTeX Error: \begin{DoxyExceptions} on input line 104 ended by \end{longtabu*
}.

See the LaTeX manual or LaTeX Companion for explanation.
Type  H <return>  for immediate help.
 ...                                              
                                                  
l.107 \end{DoxyExceptions}
                          
? 
! Undefined control sequence.
\\DoxyParams [#1]#2->\tabulinesep 
                                  =1mm\par \ifthenelse {\equal {#1}{}}{\begi...
l.119 \begin{DoxyParams}[1]{–ê—Ä–≥—É–º–µ–Ω—Ç—ã}
                                               
? 

! LaTeX Error: Environment longtabu* undefined.

See the LaTeX manual or LaTeX Companion for explanation.
Type  H <return>  for immediate help.
 ...                                              
                                                  
l.119 \begin{DoxyParams}[1]{–ê—Ä–≥—É–º–µ–Ω—Ç—ã}
                                               
? 
! Misplaced \omit.
\multispan ->\omit 
                   \@multispan 
l.119 \begin{DoxyParams}[1]{–ê—Ä–≥—É–º–µ–Ω—Ç—ã}
                                               
? 
! Misplaced \span.
\sp@n ->\span 
              \omit \advance \@multicnt \m@ne 
l.119 \begin{DoxyParams}[1]{–ê—Ä–≥—É–º–µ–Ω—Ç—ã}
                                               
? 
! Misplaced \omit.
\sp@n ->\span \omit 
                    \advance \@multicnt \m@ne 
l.119 \begin{DoxyParams}[1]{–ê—Ä–≥—É–º–µ–Ω—Ç—ã}
                                               
? 
! Misplaced \noalign.
\hline ->\noalign 
                  {\ifnum 0=`}\fi \let \hskip \vskip \let \vrule \hrule \let...
l.119 \begin{DoxyParams}[1]{–ê—Ä–≥—É–º–µ–Ω—Ç—ã}
                                               
? 

Underfull \hbox (badness 10000) in paragraph at lines 119--119

 []

! Misplaced \crcr.
\LT@echunk ->\crcr 
                   \LT@save@row \cr \egroup \global \setbox \@ne \lastbox \u...
l.119 \begin{DoxyParams}[1]{–ê—Ä–≥—É–º–µ–Ω—Ç—ã}
                                               
? 
! Misplaced \cr.
\LT@echunk ->\crcr \LT@save@row \cr 
                                    \egroup \global \setbox \@ne \lastbox \u...
l.119 \begin{DoxyParams}[1]{–ê—Ä–≥—É–º–µ–Ω—Ç—ã}
                                               
? 
! Extra }, or forgotten \endgroup.
\LT@echunk ->\crcr \LT@save@row \cr \egroup 
                                            \global \setbox \@ne \lastbox \u...
l.119 \begin{DoxyParams}[1]{–ê—Ä–≥—É–º–µ–Ω—Ç—ã}
                                               
? 
! Extra }, or forgotten \endgroup.
\LT@echunk ...etbox \@ne \lastbox \unskip \egroup 
                                                  
l.119 \begin{DoxyParams}[1]{–ê—Ä–≥—É–º–µ–Ω—Ç—ã}
                                               
? 
! Undefined control sequence.
\LT@end@hd@ft ...ox \z@ \LT@get@widths \LT@bchunk 
                                                  
l.119 \begin{DoxyParams}[1]{–ê—Ä–≥—É–º–µ–Ω—Ç—ã}
                                               
? 
! Misplaced \omit.
\multispan ->\omit 
                   \@multispan 
l.119 \begin{DoxyParams}[1]{–ê—Ä–≥—É–º–µ–Ω—Ç—ã}
                                               
? 
! Misplaced \span.
\sp@n ->\span 
              \omit \advance \@multicnt \m@ne 
l.119 \begin{DoxyParams}[1]{–ê—Ä–≥—É–º–µ–Ω—Ç—ã}
                                               
? 
! Misplaced \omit.
\sp@n ->\span \omit 
                    \advance \@multicnt \m@ne 
l.119 \begin{DoxyParams}[1]{–ê—Ä–≥—É–º–µ–Ω—Ç—ã}
                                               
? 
! Misplaced \noalign.
\hline ->\noalign 
                  {\ifnum 0=`}\fi \let \hskip \vskip \let \vrule \hrule \let...
l.119 \begin{DoxyParams}[1]{–ê—Ä–≥—É–º–µ–Ω—Ç—ã}
                                               
? 

Underfull \hbox (badness 10000) in paragraph at lines 119--119

 []

! Misplaced \crcr.
\LT@echunk ->\crcr 
                   \LT@save@row \cr \egroup \global \setbox \@ne \lastbox \u...
l.119 \begin{DoxyParams}[1]{–ê—Ä–≥—É–º–µ–Ω—Ç—ã}
                                               
? 
! Misplaced \cr.
\LT@echunk ->\crcr \LT@save@row \cr 
                                    \egroup \global \setbox \@ne \lastbox \u...
l.119 \begin{DoxyParams}[1]{–ê—Ä–≥—É–º–µ–Ω—Ç—ã}
                                               
? 
! Extra }, or forgotten \endgroup.
\LT@echunk ->\crcr \LT@save@row \cr \egroup 
                                            \global \setbox \@ne \lastbox \u...
l.119 \begin{DoxyParams}[1]{–ê—Ä–≥—É–º–µ–Ω—Ç—ã}
                                               
? 
! Extra }, or forgotten \endgroup.
\LT@echunk ...etbox \@ne \lastbox \unskip \egroup 
                                                  
l.119 \begin{DoxyParams}[1]{–ê—Ä–≥—É–º–µ–Ω—Ç—ã}
                                               
? 
! Undefined control sequence.
\LT@end@hd@ft ...ox \z@ \LT@get@widths \LT@bchunk 
                                                  
l.119 \begin{DoxyParams}[1]{–ê—Ä–≥—É–º–µ–Ω—Ç—ã}
                                               
? 
! Misplaced alignment tab character &.
l.120 \mbox{\texttt{ in}}  &
                             {\em head\+\_\+buf\+\_\+str} & —Å—Ç—Ä–æ–∫–∞ —Å ...

? 
! Misplaced alignment tab character &.
l.120 ...t{ in}}  & {\em head\+\_\+buf\+\_\+str} &
                                                   —Å—Ç—Ä–æ–∫–∞ —Å –¥–∞–Ω–Ω—...

? 
! Misplaced \noalign.
\hline ->\noalign 
                  {\ifnum 0=`}\fi \let \hskip \vskip \let \vrule \hrule \let...
l.121 \hline
            
? 

Underfull \hbox (badness 10000) in paragraph at lines 120--121

 []

! Misplaced alignment tab character &.
l.122 \mbox{\texttt{ out}}  &
                              {\em http\+\_\+code} & http –∫–æ–¥ –æ—Ç–≤–µ—Ç–...

? 
! Misplaced alignment tab character &.
l.122 ...{\texttt{ out}}  & {\em http\+\_\+code} &
                                                   http –∫–æ–¥ –æ—Ç–≤–µ—Ç–∞ \\
? 
! Misplaced \noalign.
\hline ->\noalign 
                  {\ifnum 0=`}\fi \let \hskip \vskip \let \vrule \hrule \let...
l.123 \hline
            
? 

Underfull \hbox (badness 10000) in paragraph at lines 122--123

 []

! Misplaced alignment tab character &.
l.124 \mbox{\texttt{ out}}  &
                              {\em loc} & –∑–Ω–∞—á–µ–Ω–∏–µ –∑–∞–≥–æ–ª–æ–≤–∫–...

? 
! Misplaced alignment tab character &.
l.124 \mbox{\texttt{ out}}  & {\em loc} &
                                          –∑–Ω–∞—á–µ–Ω–∏–µ –∑–∞–≥–æ–ª–æ–≤–∫–...

? 
! Misplaced \noalign.
\hline ->\noalign 
                  {\ifnum 0=`}\fi \let \hskip \vskip \let \vrule \hrule \let...
l.125 \hline
            
? 

Underfull \hbox (badness 10000) in paragraph at lines 124--125

 []


! LaTeX Error: \begin{DoxyParams} on input line 119 ended by \end{longtabu*}.

See the LaTeX manual or LaTeX Companion for explanation.
Type  H <return>  for immediate help.
 ...                                              
                                                  
l.126 \end{DoxyParams}
                      
? 
[10]
Underfull \hbox (badness 10000) detected at line 127
[][][]
 []

! Undefined control sequence.
\DoxyExceptions #1->\tabulinesep 
                                 =1mm\par \begin {longtabu*}spread 0pt [l]{|...
l.141 \begin{DoxyExceptions}{–ò—Å–∫–ª—é—á–µ–Ω–∏—è}
                                                  
? 

! LaTeX Error: Environment longtabu* undefined.

See the LaTeX manual or LaTeX Companion for explanation.
Type  H <return>  for immediate help.
 ...                                              
                                                  
l.141 \begin{DoxyExceptions}{–ò—Å–∫–ª—é—á–µ–Ω–∏—è}
                                                  
? 
! Misplaced \omit.
\multispan ->\omit 
                   \@multispan 
l.141 \begin{DoxyExceptions}{–ò—Å–∫–ª—é—á–µ–Ω–∏—è}
                                                  
? 
! Misplaced \span.
\sp@n ->\span 
              \omit \advance \@multicnt \m@ne 
l.141 \begin{DoxyExceptions}{–ò—Å–∫–ª—é—á–µ–Ω–∏—è}
                                                  
? 
! Misplaced \omit.
\sp@n ->\span \omit 
                    \advance \@multicnt \m@ne 
l.141 \begin{DoxyExceptions}{–ò—Å–∫–ª—é—á–µ–Ω–∏—è}
                                                  
? 
! Misplaced \noalign.
\hline ->\noalign 
                  {\ifnum 0=`}\fi \let \hskip \vskip \let \vrule \hrule \let...
l.141 \begin{DoxyExceptions}{–ò—Å–∫–ª—é—á–µ–Ω–∏—è}
                                                  
? 

Underfull \hbox (badness 10000) in paragraph at lines 141--141

 []

! Misplaced \crcr.
\LT@echunk ->\crcr 
                   \LT@save@row \cr \egroup \global \setbox \@ne \lastbox \u...
l.141 \begin{DoxyExceptions}{–ò—Å–∫–ª—é—á–µ–Ω–∏—è}
                                                  
? 
! Misplaced \cr.
\LT@echunk ->\crcr \LT@save@row \cr 
                                    \egroup \global \setbox \@ne \lastbox \u...
l.141 \begin{DoxyExceptions}{–ò—Å–∫–ª—é—á–µ–Ω–∏—è}
                                                  
? 
! Extra }, or forgotten \endgroup.
\LT@echunk ->\crcr \LT@save@row \cr \egroup 
                                            \global \setbox \@ne \lastbox \u...
l.141 \begin{DoxyExceptions}{–ò—Å–∫–ª—é—á–µ–Ω–∏—è}
                                                  
? 
! Extra }, or forgotten \endgroup.
\LT@echunk ...etbox \@ne \lastbox \unskip \egroup 
                                                  
l.141 \begin{DoxyExceptions}{–ò—Å–∫–ª—é—á–µ–Ω–∏—è}
                                                  
? 
! Undefined control sequence.
\LT@end@hd@ft ...ox \z@ \LT@get@widths \LT@bchunk 
                                                  
l.141 \begin{DoxyExceptions}{–ò—Å–∫–ª—é—á–µ–Ω–∏—è}
                                                  
? 
! Misplaced \omit.
\multispan ->\omit 
                   \@multispan 
l.141 \begin{DoxyExceptions}{–ò—Å–∫–ª—é—á–µ–Ω–∏—è}
                                                  
? 
! Misplaced \span.
\sp@n ->\span 
              \omit \advance \@multicnt \m@ne 
l.141 \begin{DoxyExceptions}{–ò—Å–∫–ª—é—á–µ–Ω–∏—è}
                                                  
? 
! Misplaced \omit.
\sp@n ->\span \omit 
                    \advance \@multicnt \m@ne 
l.141 \begin{DoxyExceptions}{–ò—Å–∫–ª—é—á–µ–Ω–∏—è}
                                                  
? 
! Misplaced \noalign.
\hline ->\noalign 
                  {\ifnum 0=`}\fi \let \hskip \vskip \let \vrule \hrule \let...
l.141 \begin{DoxyExceptions}{–ò—Å–∫–ª—é—á–µ–Ω–∏—è}
                                                  
? 

Underfull \hbox (badness 10000) in paragraph at lines 141--141

 []

! Misplaced \crcr.
\LT@echunk ->\crcr 
                   \LT@save@row \cr \egroup \global \setbox \@ne \lastbox \u...
l.141 \begin{DoxyExceptions}{–ò—Å–∫–ª—é—á–µ–Ω–∏—è}
                                                  
? 
! Misplaced \cr.
\LT@echunk ->\crcr \LT@save@row \cr 
                                    \egroup \global \setbox \@ne \lastbox \u...
l.141 \begin{DoxyExceptions}{–ò—Å–∫–ª—é—á–µ–Ω–∏—è}
                                                  
? 
! Extra }, or forgotten \endgroup.
\LT@echunk ->\crcr \LT@save@row \cr \egroup 
                                            \global \setbox \@ne \lastbox \u...
l.141 \begin{DoxyExceptions}{–ò—Å–∫–ª—é—á–µ–Ω–∏—è}
                                                  
? 
! Extra }, or forgotten \endgroup.
\LT@echunk ...etbox \@ne \lastbox \unskip \egroup 
                                                  
l.141 \begin{DoxyExceptions}{–ò—Å–∫–ª—é—á–µ–Ω–∏—è}
                                                  
? 
! Undefined control sequence.
\LT@end@hd@ft ...ox \z@ \LT@get@widths \LT@bchunk 
                                                  
l.141 \begin{DoxyExceptions}{–ò—Å–∫–ª—é—á–µ–Ω–∏—è}
                                                  
? 
! Misplaced alignment tab character &.
l.142 {\em \mbox{\hyperlink{classError}{Error}}} &
                                                   –≤ —Å–ª—É—á–∞–µ –æ—à–∏–±–...

? 
! Misplaced \noalign.
\hline ->\noalign 
                  {\ifnum 0=`}\fi \let \hskip \vskip \let \vrule \hrule \let...
l.143 \hline
            
? 

Underfull \hbox (badness 10000) in paragraph at lines 142--143

 []


! LaTeX Error: \begin{DoxyExceptions} on input line 141 ended by \end{longtabu*
}.

See the LaTeX manual or LaTeX Companion for explanation.
Type  H <return>  for immediate help.
 ...                                              
                                                  
l.144 \end{DoxyExceptions}
                          
? 
! Undefined control sequence.
\DoxyExceptions #1->\tabulinesep 
                                 =1mm\par \begin {longtabu*}spread 0pt [l]{|...
l.156 \begin{DoxyExceptions}{–ò—Å–∫–ª—é—á–µ–Ω–∏—è}
                                                  
? 

! LaTeX Error: Environment longtabu* undefined.

See the LaTeX manual or LaTeX Companion for explanation.
Type  H <return>  for immediate help.
 ...                                              
                                                  
l.156 \begin{DoxyExceptions}{–ò—Å–∫–ª—é—á–µ–Ω–∏—è}
                                                  
? 
! Misplaced \omit.
\multispan ->\omit 
                   \@multispan 
l.156 \begin{DoxyExceptions}{–ò—Å–∫–ª—é—á–µ–Ω–∏—è}
                                                  
? 
! Misplaced \span.
\sp@n ->\span 
              \omit \advance \@multicnt \m@ne 
l.156 \begin{DoxyExceptions}{–ò—Å–∫–ª—é—á–µ–Ω–∏—è}
                                                  
? 
! Misplaced \omit.
\sp@n ->\span \omit 
                    \advance \@multicnt \m@ne 
l.156 \begin{DoxyExceptions}{–ò—Å–∫–ª—é—á–µ–Ω–∏—è}
                                                  
? 
! Misplaced \noalign.
\hline ->\noalign 
                  {\ifnum 0=`}\fi \let \hskip \vskip \let \vrule \hrule \let...
l.156 \begin{DoxyExceptions}{–ò—Å–∫–ª—é—á–µ–Ω–∏—è}
                                                  
? 

Underfull \hbox (badness 10000) in paragraph at lines 156--156

 []

! Misplaced \crcr.
\LT@echunk ->\crcr 
                   \LT@save@row \cr \egroup \global \setbox \@ne \lastbox \u...
l.156 \begin{DoxyExceptions}{–ò—Å–∫–ª—é—á–µ–Ω–∏—è}
                                                  
? 
! Misplaced \cr.
\LT@echunk ->\crcr \LT@save@row \cr 
                                    \egroup \global \setbox \@ne \lastbox \u...
l.156 \begin{DoxyExceptions}{–ò—Å–∫–ª—é—á–µ–Ω–∏—è}
                                                  
? 
! Extra }, or forgotten \endgroup.
\LT@echunk ->\crcr \LT@save@row \cr \egroup 
                                            \global \setbox \@ne \lastbox \u...
l.156 \begin{DoxyExceptions}{–ò—Å–∫–ª—é—á–µ–Ω–∏—è}
                                                  
? 
! Extra }, or forgotten \endgroup.
\LT@echunk ...etbox \@ne \lastbox \unskip \egroup 
                                                  
l.156 \begin{DoxyExceptions}{–ò—Å–∫–ª—é—á–µ–Ω–∏—è}
                                                  
? 
! Undefined control sequence.
\LT@end@hd@ft ...ox \z@ \LT@get@widths \LT@bchunk 
                                                  
l.156 \begin{DoxyExceptions}{–ò—Å–∫–ª—é—á–µ–Ω–∏—è}
                                                  
? 
! Misplaced \omit.
\multispan ->\omit 
                   \@multispan 
l.156 \begin{DoxyExceptions}{–ò—Å–∫–ª—é—á–µ–Ω–∏—è}
                                                  
? 
! Misplaced \span.
\sp@n ->\span 
              \omit \advance \@multicnt \m@ne 
l.156 \begin{DoxyExceptions}{–ò—Å–∫–ª—é—á–µ–Ω–∏—è}
                                                  
? 
! Misplaced \omit.
\sp@n ->\span \omit 
                    \advance \@multicnt \m@ne 
l.156 \begin{DoxyExceptions}{–ò—Å–∫–ª—é—á–µ–Ω–∏—è}
                                                  
? 
! Misplaced \noalign.
\hline ->\noalign 
                  {\ifnum 0=`}\fi \let \hskip \vskip \let \vrule \hrule \let...
l.156 \begin{DoxyExceptions}{–ò—Å–∫–ª—é—á–µ–Ω–∏—è}
                                                  
? 

Underfull \hbox (badness 10000) in paragraph at lines 156--156

 []

! Misplaced \crcr.
\LT@echunk ->\crcr 
                   \LT@save@row \cr \egroup \global \setbox \@ne \lastbox \u...
l.156 \begin{DoxyExceptions}{–ò—Å–∫–ª—é—á–µ–Ω–∏—è}
                                                  
? 
! Misplaced \cr.
\LT@echunk ->\crcr \LT@save@row \cr 
                                    \egroup \global \setbox \@ne \lastbox \u...
l.156 \begin{DoxyExceptions}{–ò—Å–∫–ª—é—á–µ–Ω–∏—è}
                                                  
? 
! Extra }, or forgotten \endgroup.
\LT@echunk ->\crcr \LT@save@row \cr \egroup 
                                            \global \setbox \@ne \lastbox \u...
l.156 \begin{DoxyExceptions}{–ò—Å–∫–ª—é—á–µ–Ω–∏—è}
                                                  
? 
! Extra }, or forgotten \endgroup.
\LT@echunk ...etbox \@ne \lastbox \unskip \egroup 
                                                  
l.156 \begin{DoxyExceptions}{–ò—Å–∫–ª—é—á–µ–Ω–∏—è}
                                                  
? 
! Undefined control sequence.
\LT@end@hd@ft ...ox \z@ \LT@get@widths \LT@bchunk 
                                                  
l.156 \begin{DoxyExceptions}{–ò—Å–∫–ª—é—á–µ–Ω–∏—è}
                                                  
? 
! Misplaced alignment tab character &.
l.157 {\em \mbox{\hyperlink{classError}{Error}}} &
                                                   –≤ —Å–ª—É—á–∞–µ –æ—à–∏–±–...

? 
! Misplaced \noalign.
\hline ->\noalign 
                  {\ifnum 0=`}\fi \let \hskip \vskip \let \vrule \hrule \let...
l.158 \hline
            
? 

Underfull \hbox (badness 10000) in paragraph at lines 157--158

 []


! LaTeX Error: \begin{DoxyExceptions} on input line 156 ended by \end{longtabu*
}.

See the LaTeX manual or LaTeX Companion for explanation.
Type  H <return>  for immediate help.
 ...                                              
                                                  
l.159 \end{DoxyExceptions}
                          
? 
[11]
! Undefined control sequence.
\\DoxyParams [#1]#2->\tabulinesep 
                                  =1mm\par \ifthenelse {\equal {#1}{}}{\begi...
l.171 \begin{DoxyParams}[1]{–ê—Ä–≥—É–º–µ–Ω—Ç—ã}
                                               
? 

! LaTeX Error: Environment longtabu* undefined.

See the LaTeX manual or LaTeX Companion for explanation.
Type  H <return>  for immediate help.
 ...                                              
                                                  
l.171 \begin{DoxyParams}[1]{–ê—Ä–≥—É–º–µ–Ω—Ç—ã}
                                               
? 
! Misplaced \omit.
\multispan ->\omit 
                   \@multispan 
l.171 \begin{DoxyParams}[1]{–ê—Ä–≥—É–º–µ–Ω—Ç—ã}
                                               
? 
! Misplaced \span.
\sp@n ->\span 
              \omit \advance \@multicnt \m@ne 
l.171 \begin{DoxyParams}[1]{–ê—Ä–≥—É–º–µ–Ω—Ç—ã}
                                               
? 
! Misplaced \omit.
\sp@n ->\span \omit 
                    \advance \@multicnt \m@ne 
l.171 \begin{DoxyParams}[1]{–ê—Ä–≥—É–º–µ–Ω—Ç—ã}
                                               
? 
! Misplaced \noalign.
\hline ->\noalign 
                  {\ifnum 0=`}\fi \let \hskip \vskip \let \vrule \hrule \let...
l.171 \begin{DoxyParams}[1]{–ê—Ä–≥—É–º–µ–Ω—Ç—ã}
                                               
? 

Underfull \hbox (badness 10000) in paragraph at lines 171--171

 []

! Misplaced \crcr.
\LT@echunk ->\crcr 
                   \LT@save@row \cr \egroup \global \setbox \@ne \lastbox \u...
l.171 \begin{DoxyParams}[1]{–ê—Ä–≥—É–º–µ–Ω—Ç—ã}
                                               
? 
! Misplaced \cr.
\LT@echunk ->\crcr \LT@save@row \cr 
                                    \egroup \global \setbox \@ne \lastbox \u...
l.171 \begin{DoxyParams}[1]{–ê—Ä–≥—É–º–µ–Ω—Ç—ã}
                                               
? 
! Extra }, or forgotten \endgroup.
\LT@echunk ->\crcr \LT@save@row \cr \egroup 
                                            \global \setbox \@ne \lastbox \u...
l.171 \begin{DoxyParams}[1]{–ê—Ä–≥—É–º–µ–Ω—Ç—ã}
                                               
? 
! Extra }, or forgotten \endgroup.
\LT@echunk ...etbox \@ne \lastbox \unskip \egroup 
                                                  
l.171 \begin{DoxyParams}[1]{–ê—Ä–≥—É–º–µ–Ω—Ç—ã}
                                               
? 
! Undefined control sequence.
\LT@end@hd@ft ...ox \z@ \LT@get@widths \LT@bchunk 
                                                  
l.171 \begin{DoxyParams}[1]{–ê—Ä–≥—É–º–µ–Ω—Ç—ã}
                                               
? 
! Misplaced \omit.
\multispan ->\omit 
                   \@multispan 
l.171 \begin{DoxyParams}[1]{–ê—Ä–≥—É–º–µ–Ω—Ç—ã}
                                               
? 
! Misplaced \span.
\sp@n ->\span 
              \omit \advance \@multicnt \m@ne 
l.171 \begin{DoxyParams}[1]{–ê—Ä–≥—É–º–µ–Ω—Ç—ã}
                                               
? 
! Misplaced \omit.
\sp@n ->\span \omit 
                    \advance \@multicnt \m@ne 
l.171 \begin{DoxyParams}[1]{–ê—Ä–≥—É–º–µ–Ω—Ç—ã}
                                               
? 
! Misplaced \noalign.
\hline ->\noalign 
                  {\ifnum 0=`}\fi \let \hskip \vskip \let \vrule \hrule \let...
l.171 \begin{DoxyParams}[1]{–ê—Ä–≥—É–º–µ–Ω—Ç—ã}
                                               
? 

Underfull \hbox (badness 10000) in paragraph at lines 171--171

 []

! Misplaced \crcr.
\LT@echunk ->\crcr 
                   \LT@save@row \cr \egroup \global \setbox \@ne \lastbox \u...
l.171 \begin{DoxyParams}[1]{–ê—Ä–≥—É–º–µ–Ω—Ç—ã}
                                               
? 
! Misplaced \cr.
\LT@echunk ->\crcr \LT@save@row \cr 
                                    \egroup \global \setbox \@ne \lastbox \u...
l.171 \begin{DoxyParams}[1]{–ê—Ä–≥—É–º–µ–Ω—Ç—ã}
                                               
? 
! Extra }, or forgotten \endgroup.
\LT@echunk ->\crcr \LT@save@row \cr \egroup 
                                            \global \setbox \@ne \lastbox \u...
l.171 \begin{DoxyParams}[1]{–ê—Ä–≥—É–º–µ–Ω—Ç—ã}
                                               
? 
! Extra }, or forgotten \endgroup.
\LT@echunk ...etbox \@ne \lastbox \unskip \egroup 
                                                  
l.171 \begin{DoxyParams}[1]{–ê—Ä–≥—É–º–µ–Ω—Ç—ã}
                                               
? 
! Undefined control sequence.
\LT@end@hd@ft ...ox \z@ \LT@get@widths \LT@bchunk 
                                                  
l.171 \begin{DoxyParams}[1]{–ê—Ä–≥—É–º–µ–Ω—Ç—ã}
                                               
? 
! Misplaced alignment tab character &.
l.172 \mbox{\texttt{ in}}  &
                             {\em url} & U\+RL –∞–¥—Ä–µ—Å —Ñ–∞–π–ª–∞ –∫–æ—Ç–...

? 
! Misplaced alignment tab character &.
l.172 \mbox{\texttt{ in}}  & {\em url} &
                                         U\+RL –∞–¥—Ä–µ—Å —Ñ–∞–π–ª–∞ –∫–æ—Ç–...

? 
! Misplaced \noalign.
\hline ->\noalign 
                  {\ifnum 0=`}\fi \let \hskip \vskip \let \vrule \hrule \let...
l.173 \hline
            
? 

Underfull \hbox (badness 10000) in paragraph at lines 172--173

 []


! LaTeX Error: \begin{DoxyParams} on input line 171 ended by \end{longtabu*}.

See the LaTeX manual or LaTeX Companion for explanation.
Type  H <return>  for immediate help.
 ...                                              
                                                  
l.174 \end{DoxyParams}
                      
? 
! Undefined control sequence.
\DoxyExceptions #1->\tabulinesep 
                                 =1mm\par \begin {longtabu*}spread 0pt [l]{|...
l.176 \begin{DoxyExceptions}{–ò—Å–∫–ª—é—á–µ–Ω–∏—è}
                                                  
? 

! LaTeX Error: Environment longtabu* undefined.

See the LaTeX manual or LaTeX Companion for explanation.
Type  H <return>  for immediate help.
 ...                                              
                                                  
l.176 \begin{DoxyExceptions}{–ò—Å–∫–ª—é—á–µ–Ω–∏—è}
                                                  
? 
! Misplaced \omit.
\multispan ->\omit 
                   \@multispan 
l.176 \begin{DoxyExceptions}{–ò—Å–∫–ª—é—á–µ–Ω–∏—è}
                                                  
? 
! Misplaced \span.
\sp@n ->\span 
              \omit \advance \@multicnt \m@ne 
l.176 \begin{DoxyExceptions}{–ò—Å–∫–ª—é—á–µ–Ω–∏—è}
                                                  
? 
! Misplaced \omit.
\sp@n ->\span \omit 
                    \advance \@multicnt \m@ne 
l.176 \begin{DoxyExceptions}{–ò—Å–∫–ª—é—á–µ–Ω–∏—è}
                                                  
? 
! Misplaced \noalign.
\hline ->\noalign 
                  {\ifnum 0=`}\fi \let \hskip \vskip \let \vrule \hrule \let...
l.176 \begin{DoxyExceptions}{–ò—Å–∫–ª—é—á–µ–Ω–∏—è}
                                                  
? 

Underfull \hbox (badness 10000) in paragraph at lines 176--176

 []

! Misplaced \crcr.
\LT@echunk ->\crcr 
                   \LT@save@row \cr \egroup \global \setbox \@ne \lastbox \u...
l.176 \begin{DoxyExceptions}{–ò—Å–∫–ª—é—á–µ–Ω–∏—è}
                                                  
? 
! Misplaced \cr.
\LT@echunk ->\crcr \LT@save@row \cr 
                                    \egroup \global \setbox \@ne \lastbox \u...
l.176 \begin{DoxyExceptions}{–ò—Å–∫–ª—é—á–µ–Ω–∏—è}
                                                  
? 
! Extra }, or forgotten \endgroup.
\LT@echunk ->\crcr \LT@save@row \cr \egroup 
                                            \global \setbox \@ne \lastbox \u...
l.176 \begin{DoxyExceptions}{–ò—Å–∫–ª—é—á–µ–Ω–∏—è}
                                                  
? 
! Extra }, or forgotten \endgroup.
\LT@echunk ...etbox \@ne \lastbox \unskip \egroup 
                                                  
l.176 \begin{DoxyExceptions}{–ò—Å–∫–ª—é—á–µ–Ω–∏—è}
                                                  
? 
! Undefined control sequence.
\LT@end@hd@ft ...ox \z@ \LT@get@widths \LT@bchunk 
                                                  
l.176 \begin{DoxyExceptions}{–ò—Å–∫–ª—é—á–µ–Ω–∏—è}
                                                  
? 
! Misplaced \omit.
\multispan ->\omit 
                   \@multispan 
l.176 \begin{DoxyExceptions}{–ò—Å–∫–ª—é—á–µ–Ω–∏—è}
                                                  
? 
! Misplaced \span.
\sp@n ->\span 
              \omit \advance \@multicnt \m@ne 
l.176 \begin{DoxyExceptions}{–ò—Å–∫–ª—é—á–µ–Ω–∏—è}
                                                  
? 
! Misplaced \omit.
\sp@n ->\span \omit 
                    \advance \@multicnt \m@ne 
l.176 \begin{DoxyExceptions}{–ò—Å–∫–ª—é—á–µ–Ω–∏—è}
                                                  
? 
! Misplaced \noalign.
\hline ->\noalign 
                  {\ifnum 0=`}\fi \let \hskip \vskip \let \vrule \hrule \let...
l.176 \begin{DoxyExceptions}{–ò—Å–∫–ª—é—á–µ–Ω–∏—è}
                                                  
? 

Underfull \hbox (badness 10000) in paragraph at lines 176--176

 []

! Misplaced \crcr.
\LT@echunk ->\crcr 
                   \LT@save@row \cr \egroup \global \setbox \@ne \lastbox \u...
l.176 \begin{DoxyExceptions}{–ò—Å–∫–ª—é—á–µ–Ω–∏—è}
                                                  
? 
! Misplaced \cr.
\LT@echunk ->\crcr \LT@save@row \cr 
                                    \egroup \global \setbox \@ne \lastbox \u...
l.176 \begin{DoxyExceptions}{–ò—Å–∫–ª—é—á–µ–Ω–∏—è}
                                                  
? 
! Extra }, or forgotten \endgroup.
\LT@echunk ->\crcr \LT@save@row \cr \egroup 
                                            \global \setbox \@ne \lastbox \u...
l.176 \begin{DoxyExceptions}{–ò—Å–∫–ª—é—á–µ–Ω–∏—è}
                                                  
? 
! Extra }, or forgotten \endgroup.
\LT@echunk ...etbox \@ne \lastbox \unskip \egroup 
                                                  
l.176 \begin{DoxyExceptions}{–ò—Å–∫–ª—é—á–µ–Ω–∏—è}
                                                  
? 
! Undefined control sequence.
\LT@end@hd@ft ...ox \z@ \LT@get@widths \LT@bchunk 
                                                  
l.176 \begin{DoxyExceptions}{–ò—Å–∫–ª—é—á–µ–Ω–∏—è}
                                                  
? 
! Misplaced alignment tab character &.
l.177 {\em \mbox{\hyperlink{classError}{Error}}} &
                                                   –≤ —Å–ª—É—á–∞–µ –æ—à–∏–±–...

? 
! Misplaced \noalign.
\hline ->\noalign 
                  {\ifnum 0=`}\fi \let \hskip \vskip \let \vrule \hrule \let...
l.178 \hline
            
? 

Underfull \hbox (badness 10000) in paragraph at lines 177--178

 []


! LaTeX Error: \begin{DoxyExceptions} on input line 176 ended by \end{longtabu*
}.

See the LaTeX manual or LaTeX Companion for explanation.
Type  H <return>  for immediate help.
 ...                                              
                                                  
l.179 \end{DoxyExceptions}
                          
? 
) [12]
{\cyrillictext \CYRG \cyrl \cyra \cyrv \cyra } 5.
(./HTTPClient_8h.tex
Underfull \hbox (badness 10000) in paragraph at lines 8--11

 []


Underfull \hbox (badness 10000) detected at line 25
[][][]
 []


Underfull \hbox (badness 10000) detected at line 28
[][][]
 []


Underfull \hbox (badness 10000) detected at line 31
[][][]
 []


Underfull \hbox (badness 10000) detected at line 34
[][][]
 []

) (./main_8cpp.tex
Underfull \hbox (badness 10000) in paragraph at lines 8--11

 []

[13

]
Underfull \hbox (badness 10000) detected at line 22
[][][]
 []


Underfull \hbox (badness 10000) detected at line 25
[][][]
 []


Underfull \hbox (badness 10000) detected at line 28
[][][]
 []


Underfull \hbox (badness 10000) detected at line 31
[][][]
 []

) [14]
No file refman.ind.
Package atveryend Info: Empty hook `BeforeClearDocument' on input line 188.
Package atveryend Info: Empty hook `AfterLastShipout' on input line 188.
(./refman.aux)
Package atveryend Info: Executing hook `AtVeryEndDocument' on input line 188.
Package atveryend Info: Executing hook `AtEndAfterFileList' on input line 188.


Package rerunfilecheck Warning: File `refman.out' has changed.
(rerunfilecheck)                Rerun to get outlines right
(rerunfilecheck)                or use package `bookmark'.

Package rerunfilecheck Info: Checksums for `refman.out':
(rerunfilecheck)             Before: <no file>
(rerunfilecheck)             After:  4BFF53F3089092DF675F8F94A2E87CAA;5196.

LaTeX Font Warning: Some font shapes were not available, defaults substituted.


LaTeX Warning: There were undefined references.


LaTeX Warning: Label(s) may have changed. Rerun to get cross-references right.

Package atveryend Info: Empty hook `AtVeryVeryEnd' on input line 188.
 ) 
Here is how much of TeX's memory you used:
 14654 strings out of 482409
 210167 string characters out of 5953138
 477535 words of memory out of 5000000
 29580 multiletter control sequences out of 15000+600000
 550705 words of font info for 64 fonts, out of 8000000 for 9000
 430 hyphenation exceptions out of 8191
 47i,16n,45p,593b,521s stack positions out of 5000i,500n,10000p,200000b,80000s
{/usr/share/texmf-dist/fonts/enc/dvips/cm-super/cm-super-t2a.enc}{/usr/share/
texmf-dist/fonts/enc/dvips/base/8r.enc}{/usr/share/texmf-dist/fonts/enc/dvips/c
m-super/cm-super-ts1.enc}</usr/share/texmf-dist/fonts/type1/public/amsfonts/cm/
cmmi10.pfb></usr/share/texmf-dist/fonts/type1/public/amsfonts/cm/cmr7.pfb></usr
/share/texmf-dist/fonts/type1/public/amsfonts/cm/cmsy10.pfb></usr/share/texmf-d
ist/fonts/type1/public/amsfonts/cm/cmsy7.pfb></usr/share/texmf-dist/fonts/type1
/public/amsfonts/cm/cmsy8.pfb></usr/share/texmf-dist/fonts/type1/public/cm-supe
r/sfrm0700.pfb></usr/share/texmf-dist/fonts/type1/public/cm-super/sfrm0800.pfb>
</usr/share/texmf-dist/fonts/type1/public/cm-super/sfrm0900.pfb></usr/share/tex
mf-dist/fonts/type1/public/cm-super/sfrm1000.pfb></usr/share/texmf-dist/fonts/t
ype1/public/cm-super/sfrm1200.pfb></usr/share/texmf-dist/fonts/type1/public/cm-
super/sfrm1440.pfb></usr/share/texmf-dist/fonts/type1/public/cm-super/sfrm2074.
pfb></usr/share/texmf-dist/fonts/type1/public/cm-super/sfrm2488.pfb></usr/share
/texmf-dist/fonts/type1/urw/helvetic/uhvr8a.pfb>
Output written on refman.pdf (20 pages, 223281 bytes).
PDF statistics:
 268 PDF objects out of 1000 (max. 8388607)
 227 compressed objects within 3 object streams
 78 named destinations out of 1000 (max. 500000)
 6 words of extra memory for PDF output out of 10000 (max. 10000000)

